#
# A fatal error has been detected by the Java Runtime Environment:
#
#  SIGILL (0x4) at pc=0x00007fff8dbfbbde, pid=69406, tid=515
#
# JRE version: Java(TM) SE Runtime Environment (8.0_65-b17) (build 1.8.0_65-b17)
# Java VM: Java HotSpot(TM) 64-Bit Server VM (25.65-b01 mixed mode bsd-amd64 compressed oops)
# Problematic frame:
# C  [libsystem_platform.dylib+0x5bde]  _os_unfair_lock_corruption_abort+0x17
#
# Failed to write core dump. Core dumps have been disabled. To enable core dumping, try "ulimit -c unlimited" before starting Java again
#
# If you would like to submit a bug report, please visit:
#   http://bugreport.java.com/bugreport/crash.jsp
# The crash happened outside the Java Virtual Machine in native code.
# See problematic frame for where to report the bug.
#

---------------  T H R E A D  ---------------

Current thread (0x0000000103091800):  JavaThread "Spawner Reaper" daemon [_thread_in_native, id=113719, stack(0x000070000d97b000,0x000070000da7b000)]

siginfo: si_signo: 4 (SIGILL), si_code: 1 (ILL_ILLOPC), si_addr: 0x00007fff8dbfbbde

Registers:
RAX=0x000000000000150a, RBX=0x000000000000150a, RCX=0x00007fff8dbfdb6c, RDX=0x0000000000000000
RSP=0x000070000da7a218, RBP=0x000070000da7a250, RSI=0x00007fff96631080, RDI=0x000000000000150a
R8 =0x00000000000000c4, R9 =0x00000000000000c5, R10=0x0000000000000000, R11=0x0000000000000246
R12=0x00007fff96631080, R13=0x0000000000000203, R14=0x0000000001010002, R15=0x0000000000000203
RIP=0x00007fff8dbfbbde, EFLAGS=0x0000000000010246, ERR=0x0000000000000000
  TRAPNO=0x0000000000000006

Top of Stack: (sp=0x000070000da7a218)
0x000070000da7a218:   00007fff8dbfb44e 000000000000150b
0x000070000da7a228:   0000000000000c00 0000000130932210
0x000070000da7a238:   00007fff96630480 00007fff96631080
0x000070000da7a248:   00000001309acf70 000070000da7a2a0
0x000070000da7a258:   00007fff8d1033ae 0000000000000000
0x000070000da7a268:   0000000000000000 0000000000000000
0x000070000da7a278:   0000000130932210 0000000000000000
0x000070000da7a288:   00000001309acf70 0000000000000001
0x000070000da7a298:   00000001309acf70 000070000da7a2c0
0x000070000da7a2a8:   00007fff8d1030f9 0000000130932210
0x000070000da7a2b8:   0000000000000003 000070000da7a2e0
0x000070000da7a2c8:   00007fff8d103059 0000000000000000
0x000070000da7a2d8:   000000013092e330 000070000da7a300
0x000070000da7a2e8:   00007fff8dc43b23 0000000000000203
0x000070000da7a2f8:   0000000130977cd0 000070000da7a330
0x000070000da7a308:   00007fff8dc43a3f 00007fff966f0a50
0x000070000da7a318:   00000001309acf70 0000000000000000
0x000070000da7a328:   0000000000000008 000070000da7a350
0x000070000da7a338:   00007fff8dc434f9 00000000ffffffff
0x000070000da7a348:   0000000000000008 000070000da7a3e0
0x000070000da7a358:   00007fff8dc440a2 0000000000000000
0x000070000da7a368:   0000000000000000 000070000da7a3f0
0x000070000da7a378:   0000000000000000 00007fff8dafe290
0x000070000da7a388:   000070000da7a424 0000000100717390
0x000070000da7a398:   0000000000000000 0000000000000000
0x000070000da7a3a8:   0000000000000000 0000000000000000
0x000070000da7a3b8:   6f89bedbd4b500a5 0000000100300960
0x000070000da7a3c8:   0000000000000000 0000000000000000
0x000070000da7a3d8:   0000000000000002 000070000da7a410
0x000070000da7a3e8:   00007fff8dc43e2d 0000000000000000
0x000070000da7a3f8:   0000000000000000 6f89bedbd4b500a5
0x000070000da7a408:   00007fff8dafe290 000070000da7a440 

Instructions: (pc=0x00007fff8dbfbbde)
0x00007fff8dbfbbbe:   89 f7 e8 55 18 00 00 eb ae 89 f8 48 8d 0d 9c 1f
0x00007fff8dbfbbce:   00 00 48 89 0d e1 46 ae 08 48 89 05 0a 47 ae 08
0x00007fff8dbfbbde:   0f 0b 89 f8 48 8d 0d 12 20 00 00 48 89 0d c8 46
0x00007fff8dbfbbee:   ae 08 48 89 05 f1 46 ae 08 0f 0b 55 48 89 e5 41 

Register to memory mapping:

RAX=0x000000000000150a is an unknown value
RBX=0x000000000000150a is an unknown value
RCX=0x00007fff8dbfdb6c: _h+0x25c in /usr/lib/system/libsystem_platform.dylib at 0x00007fff8dbf6000
RDX=0x0000000000000000 is an unknown value
RSP=0x000070000da7a218 is pointing into the stack for thread: 0x0000000103091800
RBP=0x000070000da7a250 is pointing into the stack for thread: 0x0000000103091800
RSI=0x00007fff96631080: _ZN12_GLOBAL__N_1L12SideTableBufE+0xc00 in /usr/lib/libobjc.A.dylib at 0x00007fff8d0fa000
RDI=0x000000000000150a is an unknown value
R8 =0x00000000000000c4 is an unknown value
R9 =0x00000000000000c5 is an unknown value
R10=0x0000000000000000 is an unknown value
R11=0x0000000000000246 is an unknown value
R12=0x00007fff96631080: _ZN12_GLOBAL__N_1L12SideTableBufE+0xc00 in /usr/lib/libobjc.A.dylib at 0x00007fff8d0fa000
R13=0x0000000000000203 is an unknown value
R14=0x0000000001010002 is an unknown value
R15=0x0000000000000203 is an unknown value


Stack: [0x000070000d97b000,0x000070000da7b000],  sp=0x000070000da7a218,  free space=1020k
Native frames: (J=compiled Java code, j=interpreted, Vv=VM code, C=native code)
C  [libsystem_platform.dylib+0x5bde]  _os_unfair_lock_corruption_abort+0x17
C  [libobjc.A.dylib+0x93ae]  _ZN11objc_object27sidetable_clearDeallocatingEv+0x54
C  [libobjc.A.dylib+0x90f9]  objc_destructInstance+0x8f
C  [libobjc.A.dylib+0x9059]  object_dispose+0x16
C  [libxpc.dylib+0x4b23]  _xpc_dictionary_node_free+0x36
C  [libxpc.dylib+0x4a3f]  _xpc_dictionary_dispose+0x22
C  [libxpc.dylib+0x44f9]  _xpc_dispose+0xf
C  [libxpc.dylib+0x50a2]  bootstrap_look_up3+0x263
C  [libxpc.dylib+0x4e2d]  bootstrap_look_up2+0x2d
C  [libxpc.dylib+0x708f]  xpc_pipe_create+0x3d
C  [libsystem_info.dylib+0x1a9f]  _od_xpc_pipe+0x96
C  [libsystem_info.dylib+0x19dc]  _od_running+0xd
C  [libsystem_info.dylib+0x6191]  ds_group_byname+0x12
C  [libsystem_info.dylib+0x6112]  search_group_byname+0x66
C  [libsystem_info.dylib+0x6068]  getgrnam+0x33
C  [libspawner.jnilib+0x265e]  ptys_open+0x1e
C  [libspawner.jnilib+0x20ee]  exec_pty+0x22e
C  [libspawner.jnilib+0x1102]  Java_org_eclipse_cdt_utils_spawner_Spawner_exec2+0x182
j  org.eclipse.cdt.utils.spawner.Spawner.exec2([Ljava/lang/String;[Ljava/lang/String;Ljava/lang/String;[ILjava/lang/String;IZ)I+0
j  org.eclipse.cdt.utils.pty.PTY.exec_pty(Lorg/eclipse/cdt/utils/spawner/Spawner;[Ljava/lang/String;[Ljava/lang/String;Ljava/lang/String;[I)I+48
j  org.eclipse.cdt.utils.spawner.Spawner$2.execute([Ljava/lang/String;[Ljava/lang/String;Ljava/lang/String;[I)I+13
j  org.eclipse.cdt.utils.spawner.Spawner$Reaper.run()V+20
v  ~StubRoutines::call_stub
V  [libjvm.dylib+0x2eab02]
V  [libjvm.dylib+0x2eb290]
V  [libjvm.dylib+0x2eb43c]
V  [libjvm.dylib+0x345959]
V  [libjvm.dylib+0x5612d3]
V  [libjvm.dylib+0x5629ce]
V  [libjvm.dylib+0x48342e]
C  [libsystem_pthread.dylib+0x3abb]  _pthread_body+0xb4
C  [libsystem_pthread.dylib+0x3a07]  _pthread_body+0x0
C  [libsystem_pthread.dylib+0x3231]  thread_start+0xd
C  0x0000000000000000

Java frames: (J=compiled Java code, j=interpreted, Vv=VM code)
j  org.eclipse.cdt.utils.spawner.Spawner.exec2([Ljava/lang/String;[Ljava/lang/String;Ljava/lang/String;[ILjava/lang/String;IZ)I+0
j  org.eclipse.cdt.utils.pty.PTY.exec_pty(Lorg/eclipse/cdt/utils/spawner/Spawner;[Ljava/lang/String;[Ljava/lang/String;Ljava/lang/String;[I)I+48
j  org.eclipse.cdt.utils.spawner.Spawner$2.execute([Ljava/lang/String;[Ljava/lang/String;Ljava/lang/String;[I)I+13
j  org.eclipse.cdt.utils.spawner.Spawner$Reaper.run()V+20
v  ~StubRoutines::call_stub

---------------  P R O C E S S  ---------------

Java Threads: ( => current thread )
=>0x0000000103091800 JavaThread "Spawner Reaper" daemon [_thread_in_native, id=113719, stack(0x000070000d97b000,0x000070000da7b000)]
  0x000000011e0cf800 JavaThread "Worker-36" [_thread_blocked, id=80235, stack(0x000070000ef40000,0x000070000f040000)]
  0x00000001009f5800 JavaThread "Worker-35" [_thread_blocked, id=94643, stack(0x000070000ea31000,0x000070000eb31000)]
  0x0000000100efa800 JavaThread "org.eclipse.jface.text.reconciler.MonoReconciler" daemon [_thread_blocked, id=6867, stack(0x000070000d669000,0x000070000d769000)]
  0x0000000102af1000 JavaThread "Process monitor" daemon [_thread_blocked, id=105731, stack(0x000070000e728000,0x000070000e828000)]
  0x00000001062c4800 JavaThread "Input Stream Monitor" daemon [_thread_blocked, id=105311, stack(0x000070000e625000,0x000070000e725000)]
  0x00000001060d9800 JavaThread "Output Stream Monitor" daemon [_thread_in_native, id=68447, stack(0x000070000e522000,0x000070000e622000)]
  0x0000000125a5f000 JavaThread "Output Stream Monitor" daemon [_thread_in_native, id=103075, stack(0x000070000e41f000,0x000070000e51f000)]
  0x000000010337d800 JavaThread "Spawner Reaper" daemon [_thread_in_native, id=92511, stack(0x000070000e31c000,0x000070000e41c000)]
  0x0000000102610800 JavaThread "Worker-34" [_thread_blocked, id=93519, stack(0x000070000d4e3000,0x000070000d5e3000)]
  0x0000000101f94800 JavaThread "Worker-33" [_thread_blocked, id=92255, stack(0x000070000d054000,0x000070000d154000)]
  0x0000000101f8c800 JavaThread "Worker-32" [_thread_blocked, id=92035, stack(0x000070000cdcb000,0x000070000cecb000)]
  0x0000000100c1d000 JavaThread "Worker-31" [_thread_blocked, id=93239, stack(0x000070000a3c4000,0x000070000a4c4000)]
  0x0000000101b13000 JavaThread "org.eclipse.cdt.internal.ui.text.CReconciler" daemon [_thread_blocked, id=99131, stack(0x000070000d772000,0x000070000d872000)]
  0x0000000101aa6000 JavaThread "Worker-26" [_thread_blocked, id=98947, stack(0x000070000d3e0000,0x000070000d4e0000)]
  0x0000000124ca0800 JavaThread "Worker-20" [_thread_blocked, id=69391, stack(0x000070000cece000,0x000070000cfce000)]
  0x0000000135337800 JavaThread "Worker-19" [_thread_blocked, id=69139, stack(0x000070000a2c1000,0x000070000a3c1000)]
  0x0000000101d44800 JavaThread "[ThreadPool Manager] - Idle Thread" daemon [_thread_blocked, id=55047, stack(0x000070000c52d000,0x000070000c62d000)]
  0x0000000103504000 JavaThread "Provisioning Event Dispatcher" daemon [_thread_blocked, id=93959, stack(0x000070000e8ab000,0x000070000e9ab000)]
  0x0000000101c3d000 JavaThread "Thread-8" [_thread_blocked, id=89603, stack(0x000070000e196000,0x000070000e296000)]
  0x0000000100b1f000 JavaThread "org.eclipse.cdt.internal.ui.text.CReconciler" daemon [_thread_blocked, id=78855, stack(0x000070000d2dd000,0x000070000d3dd000)]
  0x0000000100b6c800 JavaThread "EventAdmin Async Event Dispatcher Thread" daemon [_thread_blocked, id=77575, stack(0x000070000d1da000,0x000070000d2da000)]
  0x00000001033f4800 JavaThread "Bundle File Closer" daemon [_thread_blocked, id=62491, stack(0x000070000c9bf000,0x000070000cabf000)]
  0x0000000101bb6800 JavaThread "EMF Reference Cleaner" daemon [_thread_blocked, id=65027, stack(0x000070000ccc8000,0x000070000cdc8000)]
  0x0000000101c22800 JavaThread "Worker-JM" [_thread_blocked, id=64519, stack(0x000070000cbc5000,0x000070000ccc5000)]
  0x0000000100b47800 JavaThread "[Timer] - Main Queue Handler" daemon [_thread_blocked, id=62991, stack(0x000070000cac2000,0x000070000cbc2000)]
  0x00000001020da000 JavaThread "Start Level: Equinox Container: 50166872-8295-0016-12ed-a7c8b0b5ee4a" daemon [_thread_blocked, id=57091, stack(0x000070000c8bc000,0x000070000c9bc000)]
  0x0000000103211000 JavaThread "Framework Event Dispatcher: org.eclipse.osgi.internal.framework.EquinoxEventPublisher@282308c3" daemon [_thread_blocked, id=56579, stack(0x000070000c7b9000,0x000070000c8b9000)]
  0x0000000101a7b800 JavaThread "Active Thread: Equinox Container: 50166872-8295-0016-12ed-a7c8b0b5ee4a" [_thread_blocked, id=56079, stack(0x000070000c6b6000,0x000070000c7b6000)]
  0x0000000100823000 JavaThread "Service Thread" daemon [_thread_blocked, id=38147, stack(0x000070000c327000,0x000070000c427000)]
  0x000000010303e800 JavaThread "C1 CompilerThread3" daemon [_thread_in_vm, id=37635, stack(0x000070000c224000,0x000070000c324000)]
  0x00000001008f8000 JavaThread "C2 CompilerThread2" daemon [_thread_blocked, id=37123, stack(0x000070000c121000,0x000070000c221000)]
  0x00000001008f7000 JavaThread "C2 CompilerThread1" daemon [_thread_in_native, id=36611, stack(0x000070000c01e000,0x000070000c11e000)]
  0x00000001008f6800 JavaThread "C2 CompilerThread0" daemon [_thread_in_native, id=36099, stack(0x000070000bf1b000,0x000070000c01b000)]
  0x00000001008f5800 JavaThread "Signal Dispatcher" daemon [_thread_blocked, id=35587, stack(0x000070000be18000,0x000070000bf18000)]
  0x0000000102017000 JavaThread "Surrogate Locker Thread (Concurrent GC)" daemon [_thread_blocked, id=34819, stack(0x000070000bd15000,0x000070000be15000)]
  0x0000000101824800 JavaThread "Finalizer" daemon [_thread_blocked, id=33795, stack(0x000070000bc12000,0x000070000bd12000)]
  0x0000000101824000 JavaThread "Reference Handler" daemon [_thread_blocked, id=33283, stack(0x000070000bb0f000,0x000070000bc0f000)]
  0x0000000100818000 JavaThread "main" [_thread_in_native, id=5387, stack(0x00007fff5f400000,0x00007fff5fc00000)]

Other Threads:
  0x0000000103067800 VMThread [stack: 0x000070000ba0c000,0x000070000bb0c000] [id=32771]
  0x0000000101820000 WatcherThread [stack: 0x000070000c42a000,0x000070000c52a000] [id=38659]

VM state:not at safepoint (normal execution)

VM Mutex/Monitor currently owned by a thread:  ([mutex/lock_event])
[0x00006180000e2880] CodeCache_lock - owner thread: 0x000000010303e800
[0x00006180000e3f00] Compile_lock - owner thread: 0x000000010303e800
[0x00006180000e4000] MethodCompileQueue_lock - owner thread: 0x000000010303e800

Heap:
 garbage-first heap   total 262144K, used 118992K [0x0000000780000000, 0x0000000780100800, 0x00000007c0000000)
  region size 1024K, 33 young (33792K), 4 survivors (4096K)
 Metaspace       used 109421K, capacity 119156K, committed 119248K, reserved 1153024K
  class space    used 13310K, capacity 16328K, committed 16380K, reserved 1048576K

Heap Regions: (Y=young(eden), SU=young(survivor), HS=humongous(starts), HC=humongous(continues), CS=collection set, F=free, TS=gc time stamp, PTAMS=previous top-at-mark-start, NTAMS=next top-at-mark-start)
AC   0  O    TS     0 PTAMS 0x0000000780100000 NTAMS 0x0000000780100000 space 1024K, 100% used [0x0000000780000000, 0x0000000780100000)
AC   0  O    TS     0 PTAMS 0x0000000780200000 NTAMS 0x0000000780200000 space 1024K, 100% used [0x0000000780100000, 0x0000000780200000)
AC   0  O    TS     0 PTAMS 0x0000000780300000 NTAMS 0x0000000780300000 space 1024K, 100% used [0x0000000780200000, 0x0000000780300000)
AC   0  O    TS     0 PTAMS 0x0000000780400000 NTAMS 0x0000000780400000 space 1024K, 100% used [0x0000000780300000, 0x0000000780400000)
AC   0  O    TS     0 PTAMS 0x0000000780500000 NTAMS 0x0000000780500000 space 1024K, 100% used [0x0000000780400000, 0x0000000780500000)
AC   0  O    TS     0 PTAMS 0x0000000780600000 NTAMS 0x0000000780600000 space 1024K, 100% used [0x0000000780500000, 0x0000000780600000)
AC   0  O    TS     0 PTAMS 0x0000000780700000 NTAMS 0x0000000780700000 space 1024K, 100% used [0x0000000780600000, 0x0000000780700000)
AC   0  O    TS     0 PTAMS 0x0000000780800000 NTAMS 0x0000000780800000 space 1024K, 100% used [0x0000000780700000, 0x0000000780800000)
AC   0  O    TS     0 PTAMS 0x0000000780900000 NTAMS 0x0000000780900000 space 1024K, 100% used [0x0000000780800000, 0x0000000780900000)
AC   0  O    TS     0 PTAMS 0x0000000780a00000 NTAMS 0x0000000780a00000 space 1024K, 100% used [0x0000000780900000, 0x0000000780a00000)
AC   0  O    TS     0 PTAMS 0x0000000780b00000 NTAMS 0x0000000780b00000 space 1024K, 100% used [0x0000000780a00000, 0x0000000780b00000)
AC   0  O    TS     0 PTAMS 0x0000000780c00000 NTAMS 0x0000000780c00000 space 1024K, 100% used [0x0000000780b00000, 0x0000000780c00000)
AC   0  O    TS     0 PTAMS 0x0000000780d00000 NTAMS 0x0000000780d00000 space 1024K, 100% used [0x0000000780c00000, 0x0000000780d00000)
AC   0  F    TS     0 PTAMS 0x0000000780d00000 NTAMS 0x0000000780d00000 space 1024K,   0% used [0x0000000780d00000, 0x0000000780e00000)
AC   0  O    TS     3 PTAMS 0x0000000780e00000 NTAMS 0x0000000780e00000 space 1024K, 100% used [0x0000000780e00000, 0x0000000780f00000)
AC   0  O    TS     0 PTAMS 0x0000000781000000 NTAMS 0x0000000781000000 space 1024K, 100% used [0x0000000780f00000, 0x0000000781000000)
AC   0  O    TS     0 PTAMS 0x0000000781100000 NTAMS 0x0000000781100000 space 1024K, 100% used [0x0000000781000000, 0x0000000781100000)
AC   0  O    TS     0 PTAMS 0x0000000781200000 NTAMS 0x0000000781200000 space 1024K, 100% used [0x0000000781100000, 0x0000000781200000)
AC   0  O    TS     0 PTAMS 0x0000000781300000 NTAMS 0x0000000781300000 space 1024K, 100% used [0x0000000781200000, 0x0000000781300000)
AC   0  O    TS     0 PTAMS 0x0000000781400000 NTAMS 0x0000000781400000 space 1024K, 100% used [0x0000000781300000, 0x0000000781400000)
AC   0  O    TS     3 PTAMS 0x0000000781400000 NTAMS 0x0000000781400000 space 1024K, 100% used [0x0000000781400000, 0x0000000781500000)
AC   0  O    TS     3 PTAMS 0x0000000781500000 NTAMS 0x0000000781500000 space 1024K, 100% used [0x0000000781500000, 0x0000000781600000)
AC   0  O    TS     3 PTAMS 0x0000000781600000 NTAMS 0x0000000781600000 space 1024K, 100% used [0x0000000781600000, 0x0000000781700000)
AC   0  O    TS     3 PTAMS 0x0000000781700000 NTAMS 0x0000000781700000 space 1024K, 100% used [0x0000000781700000, 0x0000000781800000)
AC   0  O    TS     3 PTAMS 0x0000000781800000 NTAMS 0x0000000781800000 space 1024K, 100% used [0x0000000781800000, 0x0000000781900000)
AC   0  O    TS    37 PTAMS 0x0000000781900000 NTAMS 0x0000000781900000 space 1024K, 100% used [0x0000000781900000, 0x0000000781a00000)
AC   0  F    TS     0 PTAMS 0x0000000781a00000 NTAMS 0x0000000781a00000 space 1024K,   0% used [0x0000000781a00000, 0x0000000781b00000)
AC   0  O    TS    37 PTAMS 0x0000000781b00000 NTAMS 0x0000000781b00000 space 1024K, 100% used [0x0000000781b00000, 0x0000000781c00000)
AC   0  O    TS    37 PTAMS 0x0000000781c00000 NTAMS 0x0000000781c00000 space 1024K, 100% used [0x0000000781c00000, 0x0000000781d00000)
AC   0  O    TS    39 PTAMS 0x0000000781d00000 NTAMS 0x0000000781d00000 space 1024K, 100% used [0x0000000781d00000, 0x0000000781e00000)
AC   0  O    TS     0 PTAMS 0x0000000781f00000 NTAMS 0x0000000781f00000 space 1024K, 100% used [0x0000000781e00000, 0x0000000781f00000)
AC   0  O    TS   107 PTAMS 0x0000000781f00000 NTAMS 0x0000000781f00000 space 1024K, 100% used [0x0000000781f00000, 0x0000000782000000)
AC   0  O    TS    51 PTAMS 0x0000000782000000 NTAMS 0x0000000782000000 space 1024K, 100% used [0x0000000782000000, 0x0000000782100000)
AC   0  O    TS    39 PTAMS 0x0000000782100000 NTAMS 0x0000000782100000 space 1024K, 100% used [0x0000000782100000, 0x0000000782200000)
AC   0  O    TS    49 PTAMS 0x0000000782200000 NTAMS 0x0000000782200000 space 1024K, 100% used [0x0000000782200000, 0x0000000782300000)
AC   0  O    TS    59 PTAMS 0x0000000782300000 NTAMS 0x0000000782300000 space 1024K, 100% used [0x0000000782300000, 0x0000000782400000)
AC   0  O    TS    59 PTAMS 0x0000000782400000 NTAMS 0x0000000782400000 space 1024K, 100% used [0x0000000782400000, 0x0000000782500000)
AC   0  O    TS    61 PTAMS 0x0000000782500000 NTAMS 0x0000000782500000 space 1024K, 100% used [0x0000000782500000, 0x0000000782600000)
AC   0  O    TS     0 PTAMS 0x0000000782700000 NTAMS 0x0000000782700000 space 1024K, 100% used [0x0000000782600000, 0x0000000782700000)
AC   0  O    TS    63 PTAMS 0x0000000782700000 NTAMS 0x0000000782700000 space 1024K, 100% used [0x0000000782700000, 0x0000000782800000)
AC   0  O    TS     0 PTAMS 0x0000000782900000 NTAMS 0x0000000782900000 space 1024K, 100% used [0x0000000782800000, 0x0000000782900000)
AC   0  O    TS     0 PTAMS 0x0000000782a00000 NTAMS 0x0000000782a00000 space 1024K, 100% used [0x0000000782900000, 0x0000000782a00000)
AC   0  O    TS     0 PTAMS 0x0000000782b00000 NTAMS 0x0000000782b00000 space 1024K, 100% used [0x0000000782a00000, 0x0000000782b00000)
AC   0  O    TS     0 PTAMS 0x0000000782c00000 NTAMS 0x0000000782c00000 space 1024K, 100% used [0x0000000782b00000, 0x0000000782c00000)
AC   0  O    TS     0 PTAMS 0x0000000782d00000 NTAMS 0x0000000782d00000 space 1024K, 100% used [0x0000000782c00000, 0x0000000782d00000)
AC   0  O    TS     0 PTAMS 0x0000000782e00000 NTAMS 0x0000000782e00000 space 1024K, 100% used [0x0000000782d00000, 0x0000000782e00000)
AC   0  O    TS     0 PTAMS 0x0000000782f00000 NTAMS 0x0000000782f00000 space 1024K, 100% used [0x0000000782e00000, 0x0000000782f00000)
AC   0  O    TS     0 PTAMS 0x0000000783000000 NTAMS 0x0000000783000000 space 1024K, 100% used [0x0000000782f00000, 0x0000000783000000)
AC   0  O    TS     0 PTAMS 0x0000000783100000 NTAMS 0x0000000783100000 space 1024K, 100% used [0x0000000783000000, 0x0000000783100000)
AC   0  O    TS     0 PTAMS 0x0000000783200000 NTAMS 0x0000000783200000 space 1024K, 100% used [0x0000000783100000, 0x0000000783200000)
AC   0  O    TS     0 PTAMS 0x0000000783300000 NTAMS 0x0000000783300000 space 1024K, 100% used [0x0000000783200000, 0x0000000783300000)
AC   0  O    TS     0 PTAMS 0x0000000783400000 NTAMS 0x0000000783400000 space 1024K, 100% used [0x0000000783300000, 0x0000000783400000)
AC   0  O    TS     0 PTAMS 0x0000000783500000 NTAMS 0x0000000783500000 space 1024K, 100% used [0x0000000783400000, 0x0000000783500000)
AC   0  O    TS     0 PTAMS 0x0000000783600000 NTAMS 0x0000000783600000 space 1024K, 100% used [0x0000000783500000, 0x0000000783600000)
AC   0  O    TS     0 PTAMS 0x0000000783700000 NTAMS 0x0000000783700000 space 1024K, 100% used [0x0000000783600000, 0x0000000783700000)
AC   0  O    TS     0 PTAMS 0x0000000783800000 NTAMS 0x0000000783800000 space 1024K, 100% used [0x0000000783700000, 0x0000000783800000)
AC   0  O    TS     0 PTAMS 0x0000000783900000 NTAMS 0x0000000783900000 space 1024K, 100% used [0x0000000783800000, 0x0000000783900000)
AC   0  O    TS     0 PTAMS 0x0000000783a00000 NTAMS 0x0000000783a00000 space 1024K, 100% used [0x0000000783900000, 0x0000000783a00000)
AC   0  O    TS     0 PTAMS 0x0000000783b00000 NTAMS 0x0000000783b00000 space 1024K, 100% used [0x0000000783a00000, 0x0000000783b00000)
AC   0  O    TS     0 PTAMS 0x0000000783c00000 NTAMS 0x0000000783c00000 space 1024K, 100% used [0x0000000783b00000, 0x0000000783c00000)
AC   0  O    TS     0 PTAMS 0x0000000783d00000 NTAMS 0x0000000783d00000 space 1024K, 100% used [0x0000000783c00000, 0x0000000783d00000)
AC   0  O    TS     0 PTAMS 0x0000000783e00000 NTAMS 0x0000000783e00000 space 1024K, 100% used [0x0000000783d00000, 0x0000000783e00000)
AC   0  O    TS     0 PTAMS 0x0000000783f00000 NTAMS 0x0000000783f00000 space 1024K, 100% used [0x0000000783e00000, 0x0000000783f00000)
AC   0  O    TS     0 PTAMS 0x0000000784000000 NTAMS 0x0000000784000000 space 1024K, 100% used [0x0000000783f00000, 0x0000000784000000)
AC   0  O    TS     0 PTAMS 0x0000000784100000 NTAMS 0x0000000784100000 space 1024K, 100% used [0x0000000784000000, 0x0000000784100000)
AC   0  O    TS     0 PTAMS 0x0000000784200000 NTAMS 0x0000000784200000 space 1024K, 100% used [0x0000000784100000, 0x0000000784200000)
AC   0  O    TS     0 PTAMS 0x0000000784300000 NTAMS 0x0000000784300000 space 1024K, 100% used [0x0000000784200000, 0x0000000784300000)
AC   0  O    TS     0 PTAMS 0x0000000784400000 NTAMS 0x0000000784400000 space 1024K, 100% used [0x0000000784300000, 0x0000000784400000)
AC   0  O    TS     0 PTAMS 0x0000000784500000 NTAMS 0x0000000784500000 space 1024K, 100% used [0x0000000784400000, 0x0000000784500000)
AC   0  O    TS    67 PTAMS 0x0000000784500000 NTAMS 0x0000000784500000 space 1024K, 100% used [0x0000000784500000, 0x0000000784600000)
AC   0  O    TS     0 PTAMS 0x0000000784700000 NTAMS 0x0000000784700000 space 1024K, 100% used [0x0000000784600000, 0x0000000784700000)
AC   0  O    TS     0 PTAMS 0x0000000784800000 NTAMS 0x0000000784800000 space 1024K, 100% used [0x0000000784700000, 0x0000000784800000)
AC   0  O    TS     0 PTAMS 0x0000000784900000 NTAMS 0x0000000784900000 space 1024K, 100% used [0x0000000784800000, 0x0000000784900000)
AC   0  O    TS    67 PTAMS 0x0000000784900000 NTAMS 0x0000000784900000 space 1024K, 100% used [0x0000000784900000, 0x0000000784a00000)
AC   0  O    TS   105 PTAMS 0x0000000784a00000 NTAMS 0x0000000784a00000 space 1024K, 100% used [0x0000000784a00000, 0x0000000784b00000)
AC   0  O    TS   107 PTAMS 0x0000000784b00000 NTAMS 0x0000000784b00000 space 1024K, 100% used [0x0000000784b00000, 0x0000000784c00000)
AC   0  O    TS   223 PTAMS 0x0000000784c00000 NTAMS 0x0000000784c00000 space 1024K,  97% used [0x0000000784c00000, 0x0000000784d00000)
AC   0  F    TS     0 PTAMS 0x0000000784d00000 NTAMS 0x0000000784d00000 space 1024K,   0% used [0x0000000784d00000, 0x0000000784e00000)
AC   0  F    TS     0 PTAMS 0x0000000784e00000 NTAMS 0x0000000784e00000 space 1024K,   0% used [0x0000000784e00000, 0x0000000784f00000)
AC   0  F    TS     0 PTAMS 0x0000000784f00000 NTAMS 0x0000000784f00000 space 1024K,   0% used [0x0000000784f00000, 0x0000000785000000)
AC   0  F    TS     0 PTAMS 0x0000000785000000 NTAMS 0x0000000785000000 space 1024K,   0% used [0x0000000785000000, 0x0000000785100000)
AC   0  F    TS    37 PTAMS 0x0000000785100000 NTAMS 0x0000000785100000 space 1024K,   0% used [0x0000000785100000, 0x0000000785200000)
AC   0  O    TS     0 PTAMS 0x0000000785300000 NTAMS 0x0000000785300000 space 1024K, 100% used [0x0000000785200000, 0x0000000785300000)
AC   0  O    TS     0 PTAMS 0x0000000785400000 NTAMS 0x0000000785400000 space 1024K, 100% used [0x0000000785300000, 0x0000000785400000)
AC   0  O    TS     0 PTAMS 0x0000000785500000 NTAMS 0x0000000785500000 space 1024K, 100% used [0x0000000785400000, 0x0000000785500000)
AC   0  O    TS     0 PTAMS 0x0000000785600000 NTAMS 0x0000000785600000 space 1024K, 100% used [0x0000000785500000, 0x0000000785600000)
AC   0  O    TS     0 PTAMS 0x0000000785700000 NTAMS 0x0000000785700000 space 1024K, 100% used [0x0000000785600000, 0x0000000785700000)
AC   0  O    TS     0 PTAMS 0x0000000785800000 NTAMS 0x0000000785800000 space 1024K, 100% used [0x0000000785700000, 0x0000000785800000)
AC   0  O    TS     0 PTAMS 0x0000000785900000 NTAMS 0x0000000785900000 space 1024K, 100% used [0x0000000785800000, 0x0000000785900000)
AC   0  O    TS     0 PTAMS 0x0000000785a00000 NTAMS 0x0000000785a00000 space 1024K, 100% used [0x0000000785900000, 0x0000000785a00000)
AC   0  O    TS     0 PTAMS 0x0000000785b00000 NTAMS 0x0000000785b00000 space 1024K, 100% used [0x0000000785a00000, 0x0000000785b00000)
AC   0  O    TS     0 PTAMS 0x0000000785c00000 NTAMS 0x0000000785c00000 space 1024K, 100% used [0x0000000785b00000, 0x0000000785c00000)
AC   0  F    TS    37 PTAMS 0x0000000785c00000 NTAMS 0x0000000785c00000 space 1024K,   0% used [0x0000000785c00000, 0x0000000785d00000)
AC   0  F    TS    37 PTAMS 0x0000000785d00000 NTAMS 0x0000000785d00000 space 1024K,   0% used [0x0000000785d00000, 0x0000000785e00000)
AC   0  F    TS    37 PTAMS 0x0000000785e00000 NTAMS 0x0000000785e00000 space 1024K,   0% used [0x0000000785e00000, 0x0000000785f00000)
AC   0  F    TS    37 PTAMS 0x0000000785f00000 NTAMS 0x0000000785f00000 space 1024K,   0% used [0x0000000785f00000, 0x0000000786000000)
AC   0  F    TS    37 PTAMS 0x0000000786000000 NTAMS 0x0000000786000000 space 1024K,   0% used [0x0000000786000000, 0x0000000786100000)
AC   0  F    TS    37 PTAMS 0x0000000786100000 NTAMS 0x0000000786100000 space 1024K,   0% used [0x0000000786100000, 0x0000000786200000)
AC   0  F    TS    37 PTAMS 0x0000000786200000 NTAMS 0x0000000786200000 space 1024K,   0% used [0x0000000786200000, 0x0000000786300000)
AC   0  F    TS    47 PTAMS 0x0000000786300000 NTAMS 0x0000000786300000 space 1024K,   0% used [0x0000000786300000, 0x0000000786400000)
AC   0  F    TS    47 PTAMS 0x0000000786400000 NTAMS 0x0000000786400000 space 1024K,   0% used [0x0000000786400000, 0x0000000786500000)
AC   0  F    TS    45 PTAMS 0x0000000786500000 NTAMS 0x0000000786500000 space 1024K,   0% used [0x0000000786500000, 0x0000000786600000)
AC   0  F    TS    57 PTAMS 0x0000000786600000 NTAMS 0x0000000786600000 space 1024K,   0% used [0x0000000786600000, 0x0000000786700000)
AC   0  F    TS    61 PTAMS 0x0000000786700000 NTAMS 0x0000000786700000 space 1024K,   0% used [0x0000000786700000, 0x0000000786800000)
AC   0  F    TS    61 PTAMS 0x0000000786800000 NTAMS 0x0000000786800000 space 1024K,   0% used [0x0000000786800000, 0x0000000786900000)
AC   0  F    TS    61 PTAMS 0x0000000786900000 NTAMS 0x0000000786900000 space 1024K,   0% used [0x0000000786900000, 0x0000000786a00000)
AC   0  F    TS   103 PTAMS 0x0000000786a00000 NTAMS 0x0000000786a00000 space 1024K,   0% used [0x0000000786a00000, 0x0000000786b00000)
AC   0  F    TS   103 PTAMS 0x0000000786b00000 NTAMS 0x0000000786b00000 space 1024K,   0% used [0x0000000786b00000, 0x0000000786c00000)
AC   0  F    TS   103 PTAMS 0x0000000786c00000 NTAMS 0x0000000786c00000 space 1024K,   0% used [0x0000000786c00000, 0x0000000786d00000)
AC   0  F    TS   107 PTAMS 0x0000000786d00000 NTAMS 0x0000000786d00000 space 1024K,   0% used [0x0000000786d00000, 0x0000000786e00000)
AC   0  F    TS   107 PTAMS 0x0000000786e00000 NTAMS 0x0000000786e00000 space 1024K,   0% used [0x0000000786e00000, 0x0000000786f00000)
AC   0  F    TS   221 PTAMS 0x0000000786f00000 NTAMS 0x0000000786f00000 space 1024K,   0% used [0x0000000786f00000, 0x0000000787000000)
AC   0  F    TS   219 PTAMS 0x0000000787000000 NTAMS 0x0000000787000000 space 1024K,   0% used [0x0000000787000000, 0x0000000787100000)
AC   0  F    TS   221 PTAMS 0x0000000787100000 NTAMS 0x0000000787100000 space 1024K,   0% used [0x0000000787100000, 0x0000000787200000)
AC   0  F    TS   221 PTAMS 0x0000000787200000 NTAMS 0x0000000787200000 space 1024K,   0% used [0x0000000787200000, 0x0000000787300000)
AC   0  F    TS   221 PTAMS 0x0000000787300000 NTAMS 0x0000000787300000 space 1024K,   0% used [0x0000000787300000, 0x0000000787400000)
AC   0  F    TS   219 PTAMS 0x0000000787400000 NTAMS 0x0000000787400000 space 1024K,   0% used [0x0000000787400000, 0x0000000787500000)
AC   0  S CS TS   223 PTAMS 0x0000000787500000 NTAMS 0x0000000787500000 space 1024K,  23% used [0x0000000787500000, 0x0000000787600000)
AC   0  S CS TS   223 PTAMS 0x0000000787600000 NTAMS 0x0000000787600000 space 1024K, 100% used [0x0000000787600000, 0x0000000787700000)
AC   0  F    TS   221 PTAMS 0x0000000787700000 NTAMS 0x0000000787700000 space 1024K,   0% used [0x0000000787700000, 0x0000000787800000)
AC   0  S CS TS   223 PTAMS 0x0000000787800000 NTAMS 0x0000000787800000 space 1024K, 100% used [0x0000000787800000, 0x0000000787900000)
AC   0  S CS TS   223 PTAMS 0x0000000787900000 NTAMS 0x0000000787900000 space 1024K, 100% used [0x0000000787900000, 0x0000000787a00000)
AC   0  F    TS   105 PTAMS 0x0000000787a00000 NTAMS 0x0000000787a00000 space 1024K,   0% used [0x0000000787a00000, 0x0000000787b00000)
AC   0  F    TS   105 PTAMS 0x0000000787b00000 NTAMS 0x0000000787b00000 space 1024K,   0% used [0x0000000787b00000, 0x0000000787c00000)
AC   0  F    TS   105 PTAMS 0x0000000787c00000 NTAMS 0x0000000787c00000 space 1024K,   0% used [0x0000000787c00000, 0x0000000787d00000)
AC   0  F    TS    81 PTAMS 0x0000000787d00000 NTAMS 0x0000000787d00000 space 1024K,   0% used [0x0000000787d00000, 0x0000000787e00000)
AC   0  F    TS    81 PTAMS 0x0000000787e00000 NTAMS 0x0000000787e00000 space 1024K,   0% used [0x0000000787e00000, 0x0000000787f00000)
AC   0  F    TS    81 PTAMS 0x0000000787f00000 NTAMS 0x0000000787f00000 space 1024K,   0% used [0x0000000787f00000, 0x0000000788000000)
AC   0  F    TS    81 PTAMS 0x0000000788000000 NTAMS 0x0000000788000000 space 1024K,   0% used [0x0000000788000000, 0x0000000788100000)
AC   0  F    TS     0 PTAMS 0x0000000788100000 NTAMS 0x0000000788100000 space 1024K,   0% used [0x0000000788100000, 0x0000000788200000)
AC   0  F    TS     0 PTAMS 0x0000000788200000 NTAMS 0x0000000788200000 space 1024K,   0% used [0x0000000788200000, 0x0000000788300000)
AC   0  F    TS     0 PTAMS 0x0000000788300000 NTAMS 0x0000000788300000 space 1024K,   0% used [0x0000000788300000, 0x0000000788400000)
AC   0  F    TS     0 PTAMS 0x0000000788400000 NTAMS 0x0000000788400000 space 1024K,   0% used [0x0000000788400000, 0x0000000788500000)
AC   0  F    TS     0 PTAMS 0x0000000788500000 NTAMS 0x0000000788500000 space 1024K,   0% used [0x0000000788500000, 0x0000000788600000)
AC   0  F    TS     0 PTAMS 0x0000000788600000 NTAMS 0x0000000788600000 space 1024K,   0% used [0x0000000788600000, 0x0000000788700000)
AC   0  F    TS     0 PTAMS 0x0000000788700000 NTAMS 0x0000000788700000 space 1024K,   0% used [0x0000000788700000, 0x0000000788800000)
AC   0  F    TS     1 PTAMS 0x0000000788800000 NTAMS 0x0000000788800000 space 1024K,   0% used [0x0000000788800000, 0x0000000788900000)
AC   0  F    TS     1 PTAMS 0x0000000788900000 NTAMS 0x0000000788900000 space 1024K,   0% used [0x0000000788900000, 0x0000000788a00000)
AC   0  F    TS     1 PTAMS 0x0000000788a00000 NTAMS 0x0000000788a00000 space 1024K,   0% used [0x0000000788a00000, 0x0000000788b00000)
AC   0  F    TS     1 PTAMS 0x0000000788b00000 NTAMS 0x0000000788b00000 space 1024K,   0% used [0x0000000788b00000, 0x0000000788c00000)
AC   0  F    TS     1 PTAMS 0x0000000788c00000 NTAMS 0x0000000788c00000 space 1024K,   0% used [0x0000000788c00000, 0x0000000788d00000)
AC   0  F    TS     1 PTAMS 0x0000000788d00000 NTAMS 0x0000000788d00000 space 1024K,   0% used [0x0000000788d00000, 0x0000000788e00000)
AC   0  F    TS     1 PTAMS 0x0000000788e00000 NTAMS 0x0000000788e00000 space 1024K,   0% used [0x0000000788e00000, 0x0000000788f00000)
AC   0  F    TS     1 PTAMS 0x0000000788f00000 NTAMS 0x0000000788f00000 space 1024K,   0% used [0x0000000788f00000, 0x0000000789000000)
AC   0  F    TS     1 PTAMS 0x0000000789000000 NTAMS 0x0000000789000000 space 1024K,   0% used [0x0000000789000000, 0x0000000789100000)
AC   0  F    TS     1 PTAMS 0x0000000789100000 NTAMS 0x0000000789100000 space 1024K,   0% used [0x0000000789100000, 0x0000000789200000)
AC   0  F    TS     0 PTAMS 0x0000000789200000 NTAMS 0x0000000789200000 space 1024K,   0% used [0x0000000789200000, 0x0000000789300000)
AC   0  F    TS     0 PTAMS 0x0000000789300000 NTAMS 0x0000000789300000 space 1024K,   0% used [0x0000000789300000, 0x0000000789400000)
AC   0  F    TS     0 PTAMS 0x0000000789400000 NTAMS 0x0000000789400000 space 1024K,   0% used [0x0000000789400000, 0x0000000789500000)
AC   0  F    TS     0 PTAMS 0x0000000789500000 NTAMS 0x0000000789500000 space 1024K,   0% used [0x0000000789500000, 0x0000000789600000)
AC   0  F    TS     0 PTAMS 0x0000000789600000 NTAMS 0x0000000789600000 space 1024K,   0% used [0x0000000789600000, 0x0000000789700000)
AC   0  F    TS     0 PTAMS 0x0000000789700000 NTAMS 0x0000000789700000 space 1024K,   0% used [0x0000000789700000, 0x0000000789800000)
AC   0  F    TS     0 PTAMS 0x0000000789800000 NTAMS 0x0000000789800000 space 1024K,   0% used [0x0000000789800000, 0x0000000789900000)
AC   0  F    TS     0 PTAMS 0x0000000789900000 NTAMS 0x0000000789900000 space 1024K,   0% used [0x0000000789900000, 0x0000000789a00000)
AC   0  F    TS     0 PTAMS 0x0000000789a00000 NTAMS 0x0000000789a00000 space 1024K,   0% used [0x0000000789a00000, 0x0000000789b00000)
AC   0  F    TS     0 PTAMS 0x0000000789b00000 NTAMS 0x0000000789b00000 space 1024K,   0% used [0x0000000789b00000, 0x0000000789c00000)
AC   0  F    TS     0 PTAMS 0x0000000789c00000 NTAMS 0x0000000789c00000 space 1024K,   0% used [0x0000000789c00000, 0x0000000789d00000)
AC   0  F    TS     0 PTAMS 0x0000000789d00000 NTAMS 0x0000000789d00000 space 1024K,   0% used [0x0000000789d00000, 0x0000000789e00000)
AC   0  F    TS     0 PTAMS 0x0000000789e00000 NTAMS 0x0000000789e00000 space 1024K,   0% used [0x0000000789e00000, 0x0000000789f00000)
AC   0  F    TS     0 PTAMS 0x0000000789f00000 NTAMS 0x0000000789f00000 space 1024K,   0% used [0x0000000789f00000, 0x000000078a000000)
AC   0  F    TS     0 PTAMS 0x000000078a000000 NTAMS 0x000000078a000000 space 1024K,   0% used [0x000000078a000000, 0x000000078a100000)
AC   0  F    TS     0 PTAMS 0x000000078a100000 NTAMS 0x000000078a100000 space 1024K,   0% used [0x000000078a100000, 0x000000078a200000)
AC   0  F    TS     0 PTAMS 0x000000078a200000 NTAMS 0x000000078a200000 space 1024K,   0% used [0x000000078a200000, 0x000000078a300000)
AC   0  F    TS     0 PTAMS 0x000000078a300000 NTAMS 0x000000078a300000 space 1024K,   0% used [0x000000078a300000, 0x000000078a400000)
AC   0  F    TS     0 PTAMS 0x000000078a400000 NTAMS 0x000000078a400000 space 1024K,   0% used [0x000000078a400000, 0x000000078a500000)
AC   0  F    TS     0 PTAMS 0x000000078a500000 NTAMS 0x000000078a500000 space 1024K,   0% used [0x000000078a500000, 0x000000078a600000)
AC   0  F    TS     0 PTAMS 0x000000078a600000 NTAMS 0x000000078a600000 space 1024K,   0% used [0x000000078a600000, 0x000000078a700000)
AC   0  F    TS     0 PTAMS 0x000000078a700000 NTAMS 0x000000078a700000 space 1024K,   0% used [0x000000078a700000, 0x000000078a800000)
AC   0  F    TS     0 PTAMS 0x000000078a800000 NTAMS 0x000000078a800000 space 1024K,   0% used [0x000000078a800000, 0x000000078a900000)
AC   0  F    TS     0 PTAMS 0x000000078a900000 NTAMS 0x000000078a900000 space 1024K,   0% used [0x000000078a900000, 0x000000078aa00000)
AC   0  F    TS     0 PTAMS 0x000000078aa00000 NTAMS 0x000000078aa00000 space 1024K,   0% used [0x000000078aa00000, 0x000000078ab00000)
AC   0  F    TS     0 PTAMS 0x000000078ab00000 NTAMS 0x000000078ab00000 space 1024K,   0% used [0x000000078ab00000, 0x000000078ac00000)
AC   0  F    TS     0 PTAMS 0x000000078ac00000 NTAMS 0x000000078ac00000 space 1024K,   0% used [0x000000078ac00000, 0x000000078ad00000)
AC   0  F    TS     0 PTAMS 0x000000078ad00000 NTAMS 0x000000078ad00000 space 1024K,   0% used [0x000000078ad00000, 0x000000078ae00000)
AC   0  F    TS     0 PTAMS 0x000000078ae00000 NTAMS 0x000000078ae00000 space 1024K,   0% used [0x000000078ae00000, 0x000000078af00000)
AC   0  F    TS     0 PTAMS 0x000000078af00000 NTAMS 0x000000078af00000 space 1024K,   0% used [0x000000078af00000, 0x000000078b000000)
AC   0  F    TS     0 PTAMS 0x000000078b000000 NTAMS 0x000000078b000000 space 1024K,   0% used [0x000000078b000000, 0x000000078b100000)
AC   0  F    TS     0 PTAMS 0x000000078b100000 NTAMS 0x000000078b100000 space 1024K,   0% used [0x000000078b100000, 0x000000078b200000)
AC   0  F    TS     0 PTAMS 0x000000078b200000 NTAMS 0x000000078b200000 space 1024K,   0% used [0x000000078b200000, 0x000000078b300000)
AC   0  F    TS     0 PTAMS 0x000000078b300000 NTAMS 0x000000078b300000 space 1024K,   0% used [0x000000078b300000, 0x000000078b400000)
AC   0  F    TS     0 PTAMS 0x000000078b400000 NTAMS 0x000000078b400000 space 1024K,   0% used [0x000000078b400000, 0x000000078b500000)
AC   0  F    TS     0 PTAMS 0x000000078b500000 NTAMS 0x000000078b500000 space 1024K,   0% used [0x000000078b500000, 0x000000078b600000)
AC   0  F    TS     0 PTAMS 0x000000078b600000 NTAMS 0x000000078b600000 space 1024K,   0% used [0x000000078b600000, 0x000000078b700000)
AC   0  F    TS     0 PTAMS 0x000000078b700000 NTAMS 0x000000078b700000 space 1024K,   0% used [0x000000078b700000, 0x000000078b800000)
AC   0  F    TS     0 PTAMS 0x000000078b800000 NTAMS 0x000000078b800000 space 1024K,   0% used [0x000000078b800000, 0x000000078b900000)
AC   0  F    TS     0 PTAMS 0x000000078b900000 NTAMS 0x000000078b900000 space 1024K,   0% used [0x000000078b900000, 0x000000078ba00000)
AC   0  F    TS     0 PTAMS 0x000000078ba00000 NTAMS 0x000000078ba00000 space 1024K,   0% used [0x000000078ba00000, 0x000000078bb00000)
AC   0  F    TS     0 PTAMS 0x000000078bb00000 NTAMS 0x000000078bb00000 space 1024K,   0% used [0x000000078bb00000, 0x000000078bc00000)
AC   0  F    TS     0 PTAMS 0x000000078bc00000 NTAMS 0x000000078bc00000 space 1024K,   0% used [0x000000078bc00000, 0x000000078bd00000)
AC   0  F    TS     0 PTAMS 0x000000078bd00000 NTAMS 0x000000078bd00000 space 1024K,   0% used [0x000000078bd00000, 0x000000078be00000)
AC   0  F    TS     0 PTAMS 0x000000078be00000 NTAMS 0x000000078be00000 space 1024K,   0% used [0x000000078be00000, 0x000000078bf00000)
AC   0  F    TS     0 PTAMS 0x000000078bf00000 NTAMS 0x000000078bf00000 space 1024K,   0% used [0x000000078bf00000, 0x000000078c000000)
AC   0  F    TS     0 PTAMS 0x000000078c000000 NTAMS 0x000000078c000000 space 1024K,   0% used [0x000000078c000000, 0x000000078c100000)
AC   0  F    TS     0 PTAMS 0x000000078c100000 NTAMS 0x000000078c100000 space 1024K,   0% used [0x000000078c100000, 0x000000078c200000)
AC   0  F    TS     0 PTAMS 0x000000078c200000 NTAMS 0x000000078c200000 space 1024K,   0% used [0x000000078c200000, 0x000000078c300000)
AC   0  F    TS     0 PTAMS 0x000000078c300000 NTAMS 0x000000078c300000 space 1024K,   0% used [0x000000078c300000, 0x000000078c400000)
AC   0  F    TS     0 PTAMS 0x000000078c400000 NTAMS 0x000000078c400000 space 1024K,   0% used [0x000000078c400000, 0x000000078c500000)
AC   0  F    TS     0 PTAMS 0x000000078c500000 NTAMS 0x000000078c500000 space 1024K,   0% used [0x000000078c500000, 0x000000078c600000)
AC   0  F    TS     0 PTAMS 0x000000078c600000 NTAMS 0x000000078c600000 space 1024K,   0% used [0x000000078c600000, 0x000000078c700000)
AC   0  F    TS     0 PTAMS 0x000000078c700000 NTAMS 0x000000078c700000 space 1024K,   0% used [0x000000078c700000, 0x000000078c800000)
AC   0  F    TS     0 PTAMS 0x000000078c800000 NTAMS 0x000000078c800000 space 1024K,   0% used [0x000000078c800000, 0x000000078c900000)
AC   0  F    TS     0 PTAMS 0x000000078c900000 NTAMS 0x000000078c900000 space 1024K,   0% used [0x000000078c900000, 0x000000078ca00000)
AC   0  F    TS     0 PTAMS 0x000000078ca00000 NTAMS 0x000000078ca00000 space 1024K,   0% used [0x000000078ca00000, 0x000000078cb00000)
AC   0  F    TS     0 PTAMS 0x000000078cb00000 NTAMS 0x000000078cb00000 space 1024K,   0% used [0x000000078cb00000, 0x000000078cc00000)
AC   0  F    TS     0 PTAMS 0x000000078cc00000 NTAMS 0x000000078cc00000 space 1024K,   0% used [0x000000078cc00000, 0x000000078cd00000)
AC   0  F    TS     0 PTAMS 0x000000078cd00000 NTAMS 0x000000078cd00000 space 1024K,   0% used [0x000000078cd00000, 0x000000078ce00000)
AC   0  F    TS     0 PTAMS 0x000000078ce00000 NTAMS 0x000000078ce00000 space 1024K,   0% used [0x000000078ce00000, 0x000000078cf00000)
AC   0  F    TS     0 PTAMS 0x000000078cf00000 NTAMS 0x000000078cf00000 space 1024K,   0% used [0x000000078cf00000, 0x000000078d000000)
AC   0  F    TS     0 PTAMS 0x000000078d000000 NTAMS 0x000000078d000000 space 1024K,   0% used [0x000000078d000000, 0x000000078d100000)
AC   0  F    TS     0 PTAMS 0x000000078d100000 NTAMS 0x000000078d100000 space 1024K,   0% used [0x000000078d100000, 0x000000078d200000)
AC   0  F    TS     0 PTAMS 0x000000078d200000 NTAMS 0x000000078d200000 space 1024K,   0% used [0x000000078d200000, 0x000000078d300000)
AC   0  F    TS     0 PTAMS 0x000000078d300000 NTAMS 0x000000078d300000 space 1024K,   0% used [0x000000078d300000, 0x000000078d400000)
AC   0  F    TS     0 PTAMS 0x000000078d400000 NTAMS 0x000000078d400000 space 1024K,   0% used [0x000000078d400000, 0x000000078d500000)
AC   0  F    TS     0 PTAMS 0x000000078d500000 NTAMS 0x000000078d500000 space 1024K,   0% used [0x000000078d500000, 0x000000078d600000)
AC   0  F    TS     0 PTAMS 0x000000078d600000 NTAMS 0x000000078d600000 space 1024K,   0% used [0x000000078d600000, 0x000000078d700000)
AC   0  F    TS     0 PTAMS 0x000000078d700000 NTAMS 0x000000078d700000 space 1024K,   0% used [0x000000078d700000, 0x000000078d800000)
AC   0  F    TS     0 PTAMS 0x000000078d800000 NTAMS 0x000000078d800000 space 1024K,   0% used [0x000000078d800000, 0x000000078d900000)
AC   0  F    TS     0 PTAMS 0x000000078d900000 NTAMS 0x000000078d900000 space 1024K,   0% used [0x000000078d900000, 0x000000078da00000)
AC   0  F    TS     0 PTAMS 0x000000078da00000 NTAMS 0x000000078da00000 space 1024K,   0% used [0x000000078da00000, 0x000000078db00000)
AC   0  F    TS     0 PTAMS 0x000000078db00000 NTAMS 0x000000078db00000 space 1024K,   0% used [0x000000078db00000, 0x000000078dc00000)
AC   0  F    TS     0 PTAMS 0x000000078dc00000 NTAMS 0x000000078dc00000 space 1024K,   0% used [0x000000078dc00000, 0x000000078dd00000)
AC   0  F    TS     0 PTAMS 0x000000078dd00000 NTAMS 0x000000078dd00000 space 1024K,   0% used [0x000000078dd00000, 0x000000078de00000)
AC   0  F    TS     0 PTAMS 0x000000078de00000 NTAMS 0x000000078de00000 space 1024K,   0% used [0x000000078de00000, 0x000000078df00000)
AC   0  F    TS     0 PTAMS 0x000000078df00000 NTAMS 0x000000078df00000 space 1024K,   0% used [0x000000078df00000, 0x000000078e000000)
AC   0  F    TS     0 PTAMS 0x000000078e000000 NTAMS 0x000000078e000000 space 1024K,   0% used [0x000000078e000000, 0x000000078e100000)
AC   0  F    TS     0 PTAMS 0x000000078e100000 NTAMS 0x000000078e100000 space 1024K,   0% used [0x000000078e100000, 0x000000078e200000)
AC   0  F    TS     0 PTAMS 0x000000078e200000 NTAMS 0x000000078e200000 space 1024K,   0% used [0x000000078e200000, 0x000000078e300000)
AC   0  E    TS     0 PTAMS 0x000000078e300000 NTAMS 0x000000078e300000 space 1024K,  61% used [0x000000078e300000, 0x000000078e400000)
AC   0  E CS TS     0 PTAMS 0x000000078e400000 NTAMS 0x000000078e400000 space 1024K, 100% used [0x000000078e400000, 0x000000078e500000)
AC   0  E CS TS     0 PTAMS 0x000000078e500000 NTAMS 0x000000078e500000 space 1024K, 100% used [0x000000078e500000, 0x000000078e600000)
AC   0  E CS TS     0 PTAMS 0x000000078e600000 NTAMS 0x000000078e600000 space 1024K, 100% used [0x000000078e600000, 0x000000078e700000)
AC   0  E CS TS     0 PTAMS 0x000000078e700000 NTAMS 0x000000078e700000 space 1024K, 100% used [0x000000078e700000, 0x000000078e800000)
AC   0  E CS TS     0 PTAMS 0x000000078e800000 NTAMS 0x000000078e800000 space 1024K, 100% used [0x000000078e800000, 0x000000078e900000)
AC   0  E CS TS     0 PTAMS 0x000000078e900000 NTAMS 0x000000078e900000 space 1024K, 100% used [0x000000078e900000, 0x000000078ea00000)
AC   0  E CS TS     0 PTAMS 0x000000078ea00000 NTAMS 0x000000078ea00000 space 1024K, 100% used [0x000000078ea00000, 0x000000078eb00000)
AC   0  E CS TS     0 PTAMS 0x000000078eb00000 NTAMS 0x000000078eb00000 space 1024K, 100% used [0x000000078eb00000, 0x000000078ec00000)
AC   0  E CS TS     0 PTAMS 0x000000078ec00000 NTAMS 0x000000078ec00000 space 1024K, 100% used [0x000000078ec00000, 0x000000078ed00000)
AC   0  E CS TS     0 PTAMS 0x000000078ed00000 NTAMS 0x000000078ed00000 space 1024K, 100% used [0x000000078ed00000, 0x000000078ee00000)
AC   0  E CS TS     0 PTAMS 0x000000078ee00000 NTAMS 0x000000078ee00000 space 1024K, 100% used [0x000000078ee00000, 0x000000078ef00000)
AC   0  E CS TS     0 PTAMS 0x000000078ef00000 NTAMS 0x000000078ef00000 space 1024K, 100% used [0x000000078ef00000, 0x000000078f000000)
AC   0  E CS TS     0 PTAMS 0x000000078f000000 NTAMS 0x000000078f000000 space 1024K, 100% used [0x000000078f000000, 0x000000078f100000)
AC   0  E CS TS     0 PTAMS 0x000000078f100000 NTAMS 0x000000078f100000 space 1024K, 100% used [0x000000078f100000, 0x000000078f200000)
AC   0  E CS TS     0 PTAMS 0x000000078f200000 NTAMS 0x000000078f200000 space 1024K, 100% used [0x000000078f200000, 0x000000078f300000)
AC   0  E CS TS     0 PTAMS 0x000000078f300000 NTAMS 0x000000078f300000 space 1024K, 100% used [0x000000078f300000, 0x000000078f400000)
AC   0  E CS TS     0 PTAMS 0x000000078f400000 NTAMS 0x000000078f400000 space 1024K, 100% used [0x000000078f400000, 0x000000078f500000)
AC   0  E CS TS     0 PTAMS 0x000000078f500000 NTAMS 0x000000078f500000 space 1024K, 100% used [0x000000078f500000, 0x000000078f600000)
AC   0  E CS TS     0 PTAMS 0x000000078f600000 NTAMS 0x000000078f600000 space 1024K, 100% used [0x000000078f600000, 0x000000078f700000)
AC   0  E CS TS     0 PTAMS 0x000000078f700000 NTAMS 0x000000078f700000 space 1024K, 100% used [0x000000078f700000, 0x000000078f800000)
AC   0  E CS TS     0 PTAMS 0x000000078f800000 NTAMS 0x000000078f800000 space 1024K, 100% used [0x000000078f800000, 0x000000078f900000)
AC   0  E CS TS     0 PTAMS 0x000000078f900000 NTAMS 0x000000078f900000 space 1024K, 100% used [0x000000078f900000, 0x000000078fa00000)
AC   0  E CS TS     0 PTAMS 0x000000078fa00000 NTAMS 0x000000078fa00000 space 1024K, 100% used [0x000000078fa00000, 0x000000078fb00000)
AC   0  E CS TS     0 PTAMS 0x000000078fb00000 NTAMS 0x000000078fb00000 space 1024K, 100% used [0x000000078fb00000, 0x000000078fc00000)
AC   0  E CS TS     3 PTAMS 0x000000078fc00000 NTAMS 0x000000078fc00000 space 1024K, 100% used [0x000000078fc00000, 0x000000078fd00000)
AC   0  E CS TS     3 PTAMS 0x000000078fd00000 NTAMS 0x000000078fd00000 space 1024K, 100% used [0x000000078fd00000, 0x000000078fe00000)
AC   0  E CS TS     0 PTAMS 0x000000078fe00000 NTAMS 0x000000078fe00000 space 1024K, 100% used [0x000000078fe00000, 0x000000078ff00000)
AC   0  E CS TS     0 PTAMS 0x000000078ff00000 NTAMS 0x000000078ff00000 space 1024K, 100% used [0x000000078ff00000, 0x0000000790000000)

Card table byte_map: [0x0000000117349000,0x0000000117549000] byte_map_base: 0x0000000113749000

Marking Bits (Prev, Next): (CMBitMap*) 0x000000010084b6e0, (CMBitMap*) 0x000000010084b688
 Prev Bits: [0x0000000118749000, 0x0000000119749000)
 Next Bits: [0x0000000117749000, 0x0000000118749000)

Polling page: 0x000000010049b000

CodeCache: size=245760Kb used=65001Kb max_used=65177Kb free=180758Kb
 bounds [0x0000000107789000, 0x000000010b7d9000, 0x0000000116789000]
 total_blobs=17369 nmethods=16583 adapters=692
 compilation: enabled

Compilation events (10 events):
Event: 2170.214 Thread 0x000000010303e800 nmethod 21867 0x000000010b38a250 code [0x000000010b38a3c0, 0x000000010b38a568]
Event: 2170.214 Thread 0x00000001008f7000 nmethod 21875 0x0000000108b14b50 code [0x0000000108b14ca0, 0x0000000108b14f88]
Event: 2170.216 Thread 0x000000010303e800 21870       3       java.io.OutputStreamWriter::flush (8 bytes)
Event: 2170.217 Thread 0x000000010303e800 nmethod 21870 0x000000010a15f310 code [0x000000010a15f4e0, 0x000000010a15fca8]
Event: 2170.220 Thread 0x00000001008f8000 21879       4       org.eclipse.cdt.internal.core.model.MacroEntry::equals (102 bytes)
Event: 2170.220 Thread 0x000000010303e800 21878       3       com.sun.org.apache.xerces.internal.utils.XMLSecurityPropertyManager::<init> (80 bytes)
Event: 2170.220 Thread 0x00000001008f7000 21880       4       org.eclipse.core.internal.resources.Resource::isConflicting (139 bytes)
Event: 2170.221 Thread 0x000000010303e800 nmethod 21878 0x0000000109758950 code [0x0000000109758b80, 0x0000000109759ab8]
Event: 2170.223 Thread 0x00000001008f8000 nmethod 21879 0x000000010a693550 code [0x000000010a6936c0, 0x000000010a693a28]
Event: 2170.224 Thread 0x000000010303e800 21871   !   3       sun.nio.cs.StreamEncoder::flush (26 bytes)

GC Heap History (10 events):
Event: 2137.170 GC heap before
{Heap before GC invocations=123 (full 0):
 garbage-first heap   total 262144K, used 231464K [0x0000000780000000, 0x0000000780100800, 0x00000007c0000000)
  region size 1024K, 140 young (143360K), 4 survivors (4096K)
 Metaspace       used 109334K, capacity 119092K, committed 119248K, reserved 1153024K
  class space    used 13310K, capacity 16328K, committed 16380K, reserved 1048576K
Event: 2137.175 GC heap after
Heap after GC invocations=124 (full 0):
 garbage-first heap   total 262144K, used 89995K [0x0000000780000000, 0x0000000780100800, 0x00000007c0000000)
  region size 1024K, 4 young (4096K), 4 survivors (4096K)
 Metaspace       used 109334K, capacity 119092K, committed 119248K, reserved 1153024K
  class space    used 13310K, capacity 16328K, committed 16380K, reserved 1048576K
}
Event: 2137.274 GC heap before
{Heap before GC invocations=124 (full 0):
 garbage-first heap   total 262144K, used 231820K [0x0000000780000000, 0x0000000780100800, 0x00000007c0000000)
  region size 1024K, 141 young (144384K), 4 survivors (4096K)
 Metaspace       used 109334K, capacity 119092K, committed 119248K, reserved 1153024K
  class space    used 13310K, capacity 16328K, committed 16380K, reserved 1048576K
Event: 2137.278 GC heap after
Heap after GC invocations=125 (full 0):
 garbage-first heap   total 262144K, used 90244K [0x0000000780000000, 0x0000000780100800, 0x00000007c0000000)
  region size 1024K, 3 young (3072K), 3 survivors (3072K)
 Metaspace       used 109334K, capacity 119092K, committed 119248K, reserved 1153024K
  class space    used 13310K, capacity 16328K, committed 16380K, reserved 1048576K
}
Event: 2137.452 GC heap before
{Heap before GC invocations=125 (full 0):
 garbage-first heap   total 262144K, used 231557K [0x0000000780000000, 0x0000000780100800, 0x00000007c0000000)
  region size 1024K, 140 young (143360K), 3 survivors (3072K)
 Metaspace       used 109334K, capacity 119092K, committed 119248K, reserved 1153024K
  class space    used 13310K, capacity 16328K, committed 16380K, reserved 1048576K
Event: 2137.457 GC heap after
Heap after GC invocations=126 (full 0):
 garbage-first heap   total 262144K, used 91359K [0x0000000780000000, 0x0000000780100800, 0x00000007c0000000)
  region size 1024K, 4 young (4096K), 4 survivors (4096K)
 Metaspace       used 109334K, capacity 119092K, committed 119248K, reserved 1153024K
  class space    used 13310K, capacity 16328K, committed 16380K, reserved 1048576K
}
Event: 2137.622 GC heap before
{Heap before GC invocations=126 (full 0):
 garbage-first heap   total 262144K, used 231648K [0x0000000780000000, 0x0000000780100800, 0x00000007c0000000)
  region size 1024K, 140 young (143360K), 4 survivors (4096K)
 Metaspace       used 109334K, capacity 119092K, committed 119248K, reserved 1153024K
  class space    used 13310K, capacity 16328K, committed 16380K, reserved 1048576K
Event: 2137.628 GC heap after
Heap after GC invocations=127 (full 0):
 garbage-first heap   total 262144K, used 92030K [0x0000000780000000, 0x0000000780100800, 0x00000007c0000000)
  region size 1024K, 5 young (5120K), 5 survivors (5120K)
 Metaspace       used 109334K, capacity 119092K, committed 119248K, reserved 1153024K
  class space    used 13310K, capacity 16328K, committed 16380K, reserved 1048576K
}
Event: 2145.657 GC heap before
{Heap before GC invocations=127 (full 0):
 garbage-first heap   total 262144K, used 230270K [0x0000000780000000, 0x0000000780100800, 0x00000007c0000000)
  region size 1024K, 139 young (142336K), 5 survivors (5120K)
 Metaspace       used 109366K, capacity 119092K, committed 119248K, reserved 1153024K
  class space    used 13310K, capacity 16328K, committed 16380K, reserved 1048576K
Event: 2145.663 GC heap after
Heap after GC invocations=128 (full 0):
 garbage-first heap   total 262144K, used 90320K [0x0000000780000000, 0x0000000780100800, 0x00000007c0000000)
  region size 1024K, 4 young (4096K), 4 survivors (4096K)
 Metaspace       used 109366K, capacity 119092K, committed 119248K, reserved 1153024K
  class space    used 13310K, capacity 16328K, committed 16380K, reserved 1048576K
}

Deoptimization events (10 events):
Event: 2110.344 Thread 0x0000000101fa0000 Uncommon trap: reason=unstable_if action=reinterpret pc=0x00000001092f5ab0 method=org.eclipse.debug.internal.core.OutputStreamMonitor.read()V @ 28
Event: 2124.907 Thread 0x0000000100818000 Uncommon trap: reason=bimorphic action=maybe_recompile pc=0x0000000107e956d8 method=java.util.Collections$SynchronizedCollection.contains(Ljava/lang/Object;)Z @ 12
Event: 2124.919 Thread 0x0000000100818000 Uncommon trap: reason=unstable_if action=reinterpret pc=0x000000010b728480 method=org.eclipse.swt.custom.StyledTextRenderer.getTextLayout(IIII)Lorg/eclipse/swt/graphics/TextLayout; @ 1084
Event: 2125.409 Thread 0x0000000100818000 Uncommon trap: reason=null_check action=make_not_entrant pc=0x00000001099192bc method=org.eclipse.swt.graphics.Font.equals(Ljava/lang/Object;)Z @ 8
Event: 2125.485 Thread 0x0000000101aa6000 Uncommon trap: reason=unstable_if action=reinterpret pc=0x000000010b5157cc method=org.eclipse.debug.internal.ui.views.console.ProcessConsole$StreamListener.streamAppended(Ljava/lang/String;Lorg/eclipse/debug/core/model/IStreamMonitor;)V @ 12
Event: 2126.818 Thread 0x0000000100818000 Uncommon trap: reason=unstable_if action=reinterpret pc=0x000000010b707450 method=org.eclipse.ui.internal.console.ConsoleDocumentAdapter.repairLines(I)V @ 158
Event: 2128.261 Thread 0x0000000100818000 Uncommon trap: reason=unstable_if action=reinterpret pc=0x000000010b736d28 method=org.eclipse.swt.custom.StyledTextRenderer.textChanging(Lorg/eclipse/swt/custom/TextChangingEvent;)V @ 712
Event: 2129.783 Thread 0x0000000102a58000 Uncommon trap: reason=unstable_if action=reinterpret pc=0x000000010b4c4814 method=org.eclipse.ui.internal.progress.ProgressManager$2.updateFor(Lorg/eclipse/core/runtime/jobs/IJobChangeEvent;)V @ 35
Event: 2145.654 Thread 0x0000000100818000 Uncommon trap: reason=unstable_if action=reinterpret pc=0x00000001099693a4 method=java.util.HashMap.comparableClassFor(Ljava/lang/Object;)Ljava/lang/Class; @ 4
Event: 2145.701 Thread 0x0000000100818000 Uncommon trap: reason=unstable_if action=reinterpret pc=0x0000000109a4cd34 method=java.util.HashMap.comparableClassFor(Ljava/lang/Object;)Ljava/lang/Class; @ 4

Internal exceptions (10 events):
Event: 2170.153 Thread 0x0000000125d1e000 Exception <a 'java/lang/UnsatisfiedLinkError': org.eclipse.cdt.utils.spawner.SpawnerInputStream.available0(I)I> (0x000000078e84db00) thrown at [/Users/java_re/workspace/8-2-build-macosx-x86_64/jdk8u65/4987/hotspot/src/share/vm/prims/nativeLookup.cpp, line
Event: 2170.155 Thread 0x0000000125d1e000 Exception <a 'java/lang/UnsatisfiedLinkError': org.eclipse.cdt.utils.spawner.SpawnerInputStream.available0(I)I> (0x000000078e850500) thrown at [/Users/java_re/workspace/8-2-build-macosx-x86_64/jdk8u65/4987/hotspot/src/share/vm/prims/nativeLookup.cpp, line
Event: 2170.157 Thread 0x0000000125d1e000 Exception <a 'java/lang/UnsatisfiedLinkError': org.eclipse.cdt.utils.spawner.SpawnerInputStream.available0(I)I> (0x000000078e852818) thrown at [/Users/java_re/workspace/8-2-build-macosx-x86_64/jdk8u65/4987/hotspot/src/share/vm/prims/nativeLookup.cpp, line
Event: 2170.159 Thread 0x0000000125d1e000 Exception <a 'java/lang/UnsatisfiedLinkError': org.eclipse.cdt.utils.spawner.SpawnerInputStream.available0(I)I> (0x000000078e8550b8) thrown at [/Users/java_re/workspace/8-2-build-macosx-x86_64/jdk8u65/4987/hotspot/src/share/vm/prims/nativeLookup.cpp, line
Event: 2170.160 Thread 0x0000000125d1e000 Exception <a 'java/lang/UnsatisfiedLinkError': org.eclipse.cdt.utils.spawner.SpawnerInputStream.available0(I)I> (0x000000078e857698) thrown at [/Users/java_re/workspace/8-2-build-macosx-x86_64/jdk8u65/4987/hotspot/src/share/vm/prims/nativeLookup.cpp, line
Event: 2170.189 Thread 0x0000000125d1e000 Exception <a 'java/lang/UnsatisfiedLinkError': org.eclipse.cdt.utils.spawner.SpawnerInputStream.available0(I)I> (0x000000078e85a408) thrown at [/Users/java_re/workspace/8-2-build-macosx-x86_64/jdk8u65/4987/hotspot/src/share/vm/prims/nativeLookup.cpp, line
Event: 2170.191 Thread 0x0000000125d1e000 Exception <a 'java/lang/UnsatisfiedLinkError': org.eclipse.cdt.utils.spawner.SpawnerInputStream.available0(I)I> (0x000000078e85cd98) thrown at [/Users/java_re/workspace/8-2-build-macosx-x86_64/jdk8u65/4987/hotspot/src/share/vm/prims/nativeLookup.cpp, line
Event: 2170.221 Thread 0x0000000101f8c800 Exception <a 'sun/nio/fs/UnixException'> (0x000000078e4e3d80) thrown at [/Users/java_re/workspace/8-2-build-macosx-x86_64/jdk8u65/4987/hotspot/src/share/vm/prims/jni.cpp, line 709]
Event: 2170.221 Thread 0x0000000101f8c800 Exception <a 'sun/nio/fs/UnixException'> (0x000000078e4e4600) thrown at [/Users/java_re/workspace/8-2-build-macosx-x86_64/jdk8u65/4987/hotspot/src/share/vm/prims/jni.cpp, line 709]
Event: 2170.224 Thread 0x0000000102610800 Exception <a 'sun/nio/fs/UnixException'> (0x000000078e383430) thrown at [/Users/java_re/workspace/8-2-build-macosx-x86_64/jdk8u65/4987/hotspot/src/share/vm/prims/jni.cpp, line 709]

Events (10 events):
Event: 2170.211 Thread 0x000000010303e800 flushing nmethod 0x00000001096f9a90
Event: 2170.211 Thread 0x000000010303e800 flushing nmethod 0x00000001096fb510
Event: 2170.211 Thread 0x000000010303e800 flushing nmethod 0x0000000109758690
Event: 2170.211 Thread 0x000000010303e800 flushing nmethod 0x000000010975a690
Event: 2170.212 Thread 0x000000010303e800 flushing nmethod 0x000000010975fd50
Event: 2170.212 Thread 0x000000010303e800 flushing nmethod 0x0000000109761550
Event: 2170.213 Thread 0x000000010303e800 flushing nmethod 0x0000000109938210
Event: 2170.218 Thread 0x000000010303e800 flushing nmethod 0x000000010a0499d0
Event: 2170.218 Thread 0x000000010303e800 flushing nmethod 0x000000010a06cbd0
Event: 2170.224 Thread 0x0000000103091800 Thread added: 0x0000000103091800


Dynamic libraries:
0x00000000037b0000 	/System/Library/Frameworks/Cocoa.framework/Versions/A/Cocoa
0x00000000037b0000 	/usr/lib/libSystem.B.dylib
0x00000000037b0000 	/System/Library/Frameworks/CoreServices.framework/Versions/A/CoreServices
0x00000000037b0000 	/usr/lib/libobjc.A.dylib
0x00000000037b0000 	/System/Library/Frameworks/CoreFoundation.framework/Versions/A/CoreFoundation
0x00000000037b0000 	/System/Library/Frameworks/AppKit.framework/Versions/C/AppKit
0x00000000037b0000 	/System/Library/Frameworks/ApplicationServices.framework/Versions/A/ApplicationServices
0x00000000037b0000 	/System/Library/Frameworks/Foundation.framework/Versions/C/Foundation
0x00000000037b0000 	/System/Library/Frameworks/CoreData.framework/Versions/A/CoreData
0x00000000037b0000 	/System/Library/PrivateFrameworks/RemoteViewServices.framework/Versions/A/RemoteViewServices
0x00000000037b0000 	/System/Library/PrivateFrameworks/UIFoundation.framework/Versions/A/UIFoundation
0x00000000037b0000 	/usr/lib/libenergytrace.dylib
0x00000000037b0000 	/System/Library/PrivateFrameworks/SkyLight.framework/Versions/A/SkyLight
0x00000000037b0000 	/System/Library/Frameworks/CoreGraphics.framework/Versions/A/CoreGraphics
0x00000000037b0000 	/usr/lib/libScreenReader.dylib
0x00000000037b0000 	/System/Library/Frameworks/Accelerate.framework/Versions/A/Accelerate
0x00000000037b0000 	/System/Library/Frameworks/IOSurface.framework/Versions/A/IOSurface
0x00000000037b0000 	/System/Library/Frameworks/AudioToolbox.framework/Versions/A/AudioToolbox
0x00000000037b0000 	/System/Library/Frameworks/AudioUnit.framework/Versions/A/AudioUnit
0x00000000037b0000 	/System/Library/PrivateFrameworks/DataDetectorsCore.framework/Versions/A/DataDetectorsCore
0x00000000037b0000 	/System/Library/PrivateFrameworks/DesktopServicesPriv.framework/Versions/A/DesktopServicesPriv
0x00000000037b0000 	/System/Library/Frameworks/Carbon.framework/Versions/A/Frameworks/HIToolbox.framework/Versions/A/HIToolbox
0x00000000037b0000 	/usr/lib/libicucore.A.dylib
0x00000000037b0000 	/usr/lib/libz.1.dylib
0x00000000037b0000 	/System/Library/Frameworks/QuartzCore.framework/Versions/A/QuartzCore
0x00000000037b0000 	/System/Library/Frameworks/Security.framework/Versions/A/Security
0x00000000037b0000 	/System/Library/Frameworks/Carbon.framework/Versions/A/Frameworks/SpeechRecognition.framework/Versions/A/SpeechRecognition
0x00000000037b0000 	/usr/lib/libauto.dylib
0x00000000037b0000 	/usr/lib/libxml2.2.dylib
0x00000000037b0000 	/System/Library/PrivateFrameworks/CoreUI.framework/Versions/A/CoreUI
0x00000000037b0000 	/System/Library/Frameworks/CoreAudio.framework/Versions/A/CoreAudio
0x00000000037b0000 	/System/Library/Frameworks/DiskArbitration.framework/Versions/A/DiskArbitration
0x00000000037b0000 	/usr/lib/liblangid.dylib
0x00000000037b0000 	/System/Library/PrivateFrameworks/MultitouchSupport.framework/Versions/A/MultitouchSupport
0x00000000037b0000 	/System/Library/Frameworks/IOKit.framework/Versions/A/IOKit
0x00000000037b0000 	/usr/lib/libDiagnosticMessagesClient.dylib
0x00000000037b0000 	/System/Library/PrivateFrameworks/PerformanceAnalysis.framework/Versions/A/PerformanceAnalysis
0x00000000037b0000 	/System/Library/PrivateFrameworks/GenerationalStorage.framework/Versions/A/GenerationalStorage
0x00000000037b0000 	/System/Library/Frameworks/OpenGL.framework/Versions/A/OpenGL
0x00000000037b0000 	/System/Library/Frameworks/CoreImage.framework/Versions/A/CoreImage
0x00000000037b0000 	/System/Library/Frameworks/CoreText.framework/Versions/A/CoreText
0x00000000037b0000 	/System/Library/Frameworks/ImageIO.framework/Versions/A/ImageIO
0x00000000037b0000 	/System/Library/PrivateFrameworks/Backup.framework/Versions/A/Backup
0x00000000037b0000 	/usr/lib/libarchive.2.dylib
0x00000000037b0000 	/System/Library/Frameworks/CFNetwork.framework/Versions/A/CFNetwork
0x00000000037b0000 	/System/Library/Frameworks/SystemConfiguration.framework/Versions/A/SystemConfiguration
0x00000000037b0000 	/usr/lib/libCRFSuite.dylib
0x00000000037b0000 	/usr/lib/libc++.1.dylib
0x00000000037b0000 	/usr/lib/libc++abi.dylib
0x00000000037b0000 	/usr/lib/system/libcache.dylib
0x00000000037b0000 	/usr/lib/system/libcommonCrypto.dylib
0x00000000037b0000 	/usr/lib/system/libcompiler_rt.dylib
0x00000000037b0000 	/usr/lib/system/libcopyfile.dylib
0x00000000037b0000 	/usr/lib/system/libcorecrypto.dylib
0x00000000037b0000 	/usr/lib/system/libdispatch.dylib
0x00000000037b0000 	/usr/lib/system/libdyld.dylib
0x00000000037b0000 	/usr/lib/system/libkeymgr.dylib
0x00000000037b0000 	/usr/lib/system/liblaunch.dylib
0x00000000037b0000 	/usr/lib/system/libmacho.dylib
0x00000000037b0000 	/usr/lib/system/libquarantine.dylib
0x00000000037b0000 	/usr/lib/system/libremovefile.dylib
0x00000000037b0000 	/usr/lib/system/libsystem_asl.dylib
0x00000000037b0000 	/usr/lib/system/libsystem_blocks.dylib
0x00000000037b0000 	/usr/lib/system/libsystem_c.dylib
0x00000000037b0000 	/usr/lib/system/libsystem_configuration.dylib
0x00000000037b0000 	/usr/lib/system/libsystem_coreservices.dylib
0x00000000037b0000 	/usr/lib/system/libsystem_coretls.dylib
0x00000000037b0000 	/usr/lib/system/libsystem_dnssd.dylib
0x00000000037b0000 	/usr/lib/system/libsystem_info.dylib
0x00000000037b0000 	/usr/lib/system/libsystem_kernel.dylib
0x00000000037b0000 	/usr/lib/system/libsystem_m.dylib
0x00000000037b0000 	/usr/lib/system/libsystem_malloc.dylib
0x00000000037b0000 	/usr/lib/system/libsystem_network.dylib
0x00000000037b0000 	/usr/lib/system/libsystem_networkextension.dylib
0x00000000037b0000 	/usr/lib/system/libsystem_notify.dylib
0x00000000037b0000 	/usr/lib/system/libsystem_platform.dylib
0x00000000037b0000 	/usr/lib/system/libsystem_pthread.dylib
0x00000000037b0000 	/usr/lib/system/libsystem_sandbox.dylib
0x00000000037b0000 	/usr/lib/system/libsystem_secinit.dylib
0x00000000037b0000 	/usr/lib/system/libsystem_symptoms.dylib
0x00000000037b0000 	/usr/lib/system/libsystem_trace.dylib
0x00000000037b0000 	/usr/lib/system/libunwind.dylib
0x00000000037b0000 	/usr/lib/system/libxpc.dylib
0x00000000037b0000 	/usr/lib/libbsm.0.dylib
0x00000000037b0000 	/usr/lib/system/libkxld.dylib
0x00000000037b0000 	/usr/lib/libcoretls.dylib
0x00000000037b0000 	/usr/lib/libcoretls_cfhelpers.dylib
0x00000000037b0000 	/usr/lib/libxar.1.dylib
0x00000000037b0000 	/usr/lib/libsqlite3.dylib
0x00000000037b0000 	/usr/lib/libpam.2.dylib
0x00000000037b0000 	/usr/lib/libOpenScriptingUtil.dylib
0x00000000037b0000 	/usr/lib/libbz2.1.0.dylib
0x00000000037b0000 	/usr/lib/liblzma.5.dylib
0x00000000037b0000 	/usr/lib/libnetwork.dylib
0x00000000037b0000 	/usr/lib/libpcap.A.dylib
0x00000000037b0000 	/System/Library/Frameworks/CoreServices.framework/Versions/A/Frameworks/FSEvents.framework/Versions/A/FSEvents
0x00000000037b0000 	/System/Library/Frameworks/CoreServices.framework/Versions/A/Frameworks/CarbonCore.framework/Versions/A/CarbonCore
0x00000000037b0000 	/System/Library/Frameworks/CoreServices.framework/Versions/A/Frameworks/Metadata.framework/Versions/A/Metadata
0x00000000037b0000 	/System/Library/Frameworks/CoreServices.framework/Versions/A/Frameworks/OSServices.framework/Versions/A/OSServices
0x00000000037b0000 	/System/Library/Frameworks/CoreServices.framework/Versions/A/Frameworks/SearchKit.framework/Versions/A/SearchKit
0x00000000037b0000 	/System/Library/Frameworks/CoreServices.framework/Versions/A/Frameworks/AE.framework/Versions/A/AE
0x00000000037b0000 	/System/Library/Frameworks/CoreServices.framework/Versions/A/Frameworks/LaunchServices.framework/Versions/A/LaunchServices
0x00000000037b0000 	/System/Library/Frameworks/CoreServices.framework/Versions/A/Frameworks/DictionaryServices.framework/Versions/A/DictionaryServices
0x00000000037b0000 	/System/Library/Frameworks/CoreServices.framework/Versions/A/Frameworks/SharedFileList.framework/Versions/A/SharedFileList
0x00000000037b0000 	/System/Library/Frameworks/NetFS.framework/Versions/A/NetFS
0x00000000037b0000 	/System/Library/PrivateFrameworks/NetAuth.framework/Versions/A/NetAuth
0x00000000037b0000 	/System/Library/PrivateFrameworks/login.framework/Versions/A/Frameworks/loginsupport.framework/Versions/A/loginsupport
0x00000000037b0000 	/System/Library/PrivateFrameworks/TCC.framework/Versions/A/TCC
0x00000000037b0000 	/usr/lib/libmecabra.dylib
0x00000000037b0000 	/System/Library/Frameworks/ApplicationServices.framework/Versions/A/Frameworks/ATS.framework/Versions/A/ATS
0x00000000037b0000 	/System/Library/Frameworks/ApplicationServices.framework/Versions/A/Frameworks/ColorSync.framework/Versions/A/ColorSync
0x00000000037b0000 	/System/Library/Frameworks/ApplicationServices.framework/Versions/A/Frameworks/HIServices.framework/Versions/A/HIServices
0x00000000037b0000 	/System/Library/Frameworks/ApplicationServices.framework/Versions/A/Frameworks/LangAnalysis.framework/Versions/A/LangAnalysis
0x00000000037b0000 	/System/Library/Frameworks/ApplicationServices.framework/Versions/A/Frameworks/PrintCore.framework/Versions/A/PrintCore
0x00000000037b0000 	/System/Library/Frameworks/ApplicationServices.framework/Versions/A/Frameworks/QD.framework/Versions/A/QD
0x00000000037b0000 	/System/Library/Frameworks/ApplicationServices.framework/Versions/A/Frameworks/SpeechSynthesis.framework/Versions/A/SpeechSynthesis
0x00000000037b0000 	/System/Library/Frameworks/Accelerate.framework/Versions/A/Frameworks/vImage.framework/Versions/A/vImage
0x00000000037b0000 	/System/Library/Frameworks/Accelerate.framework/Versions/A/Frameworks/vecLib.framework/Versions/A/vecLib
0x00000000037b0000 	/System/Library/Frameworks/Accelerate.framework/Versions/A/Frameworks/vecLib.framework/Versions/A/libvDSP.dylib
0x00000000037b0000 	/System/Library/Frameworks/Accelerate.framework/Versions/A/Frameworks/vecLib.framework/Versions/A/libBNNS.dylib
0x00000000037b0000 	/System/Library/Frameworks/Accelerate.framework/Versions/A/Frameworks/vecLib.framework/Versions/A/libQuadrature.dylib
0x00000000037b0000 	/System/Library/Frameworks/Accelerate.framework/Versions/A/Frameworks/vecLib.framework/Versions/A/libvMisc.dylib
0x00000000037b0000 	/System/Library/Frameworks/Accelerate.framework/Versions/A/Frameworks/vecLib.framework/Versions/A/libLAPACK.dylib
0x00000000037b0000 	/System/Library/Frameworks/Accelerate.framework/Versions/A/Frameworks/vecLib.framework/Versions/A/libBLAS.dylib
0x00000000037b0000 	/System/Library/Frameworks/Accelerate.framework/Versions/A/Frameworks/vecLib.framework/Versions/A/libLinearAlgebra.dylib
0x00000000037b0000 	/System/Library/Frameworks/Accelerate.framework/Versions/A/Frameworks/vecLib.framework/Versions/A/libSparseBLAS.dylib
0x00000000037b0000 	/System/Library/Frameworks/ApplicationServices.framework/Versions/A/Frameworks/ATS.framework/Versions/A/Resources/libFontParser.dylib
0x00000000037b0000 	/System/Library/Frameworks/ApplicationServices.framework/Versions/A/Frameworks/ATS.framework/Versions/A/Resources/libFontRegistry.dylib
0x00000000037b0000 	/System/Library/Frameworks/ImageIO.framework/Versions/A/Resources/libJPEG.dylib
0x00000000037b0000 	/System/Library/Frameworks/ImageIO.framework/Versions/A/Resources/libTIFF.dylib
0x00000000037b0000 	/System/Library/Frameworks/ImageIO.framework/Versions/A/Resources/libPng.dylib
0x00000000037b0000 	/System/Library/Frameworks/ImageIO.framework/Versions/A/Resources/libGIF.dylib
0x00000000037b0000 	/System/Library/Frameworks/ImageIO.framework/Versions/A/Resources/libJP2.dylib
0x00000000037b0000 	/System/Library/Frameworks/ImageIO.framework/Versions/A/Resources/libRadiance.dylib
0x00000000037b0000 	/usr/lib/libcompression.dylib
0x00000000037b0000 	/System/Library/PrivateFrameworks/AppleJPEG.framework/Versions/A/AppleJPEG
0x00000000037b0000 	/usr/lib/libcups.2.dylib
0x00000000037b0000 	/System/Library/Frameworks/Kerberos.framework/Versions/A/Kerberos
0x00000000037b0000 	/System/Library/Frameworks/GSS.framework/Versions/A/GSS
0x00000000037b0000 	/usr/lib/libresolv.9.dylib
0x00000000037b0000 	/usr/lib/libiconv.2.dylib
0x00000000037b0000 	/System/Library/PrivateFrameworks/Heimdal.framework/Versions/A/Heimdal
0x00000000037b0000 	/usr/lib/libheimdal-asn1.dylib
0x00000000037b0000 	/System/Library/Frameworks/OpenDirectory.framework/Versions/A/OpenDirectory
0x00000000037b0000 	/System/Library/PrivateFrameworks/CommonAuth.framework/Versions/A/CommonAuth
0x00000000037b0000 	/System/Library/Frameworks/OpenDirectory.framework/Versions/A/Frameworks/CFOpenDirectory.framework/Versions/A/CFOpenDirectory
0x00000000037b0000 	/System/Library/Frameworks/SecurityFoundation.framework/Versions/A/SecurityFoundation
0x00000000037b0000 	/System/Library/PrivateFrameworks/LanguageModeling.framework/Versions/A/LanguageModeling
0x00000000037b0000 	/usr/lib/libmarisa.dylib
0x00000000037b0000 	/usr/lib/libChineseTokenizer.dylib
0x00000000037b0000 	/usr/lib/libcmph.dylib
0x00000000037b0000 	/System/Library/PrivateFrameworks/CoreEmoji.framework/Versions/A/CoreEmoji
0x00000000037b0000 	/System/Library/Frameworks/ServiceManagement.framework/Versions/A/ServiceManagement
0x00000000037b0000 	/usr/lib/libxslt.1.dylib
0x00000000037b0000 	/System/Library/Frameworks/Carbon.framework/Versions/A/Frameworks/Ink.framework/Versions/A/Ink
0x00000000037b0000 	/System/Library/PrivateFrameworks/TextureIO.framework/Versions/A/TextureIO
0x00000000037b0000 	/System/Library/Frameworks/Metal.framework/Versions/A/Metal
0x00000000037b0000 	/usr/lib/libate.dylib
0x00000000037b0000 	/System/Library/PrivateFrameworks/GPUCompiler.framework/libmetal_timestamp.dylib
0x00000000037b0000 	/System/Library/Frameworks/OpenGL.framework/Versions/A/Libraries/libCoreFSCache.dylib
0x00000000037b0000 	/System/Library/PrivateFrameworks/IOAccelerator.framework/Versions/A/IOAccelerator
0x00000000037b0000 	/System/Library/Frameworks/CoreVideo.framework/Versions/A/CoreVideo
0x00000000037b0000 	/usr/lib/libFosl_dynamic.dylib
0x00000000037b0000 	/System/Library/PrivateFrameworks/MetalPerformanceShaders.framework/Versions/A/MetalPerformanceShaders
0x00000000037b0000 	/System/Library/PrivateFrameworks/FaceCore.framework/Versions/A/FaceCore
0x00000000037b0000 	/System/Library/Frameworks/OpenCL.framework/Versions/A/OpenCL
0x00000000037b0000 	/System/Library/Frameworks/OpenGL.framework/Versions/A/Libraries/libGLU.dylib
0x00000000037b0000 	/System/Library/Frameworks/OpenGL.framework/Versions/A/Libraries/libGFXShared.dylib
0x00000000037b0000 	/System/Library/Frameworks/OpenGL.framework/Versions/A/Libraries/libGL.dylib
0x00000000037b0000 	/System/Library/Frameworks/OpenGL.framework/Versions/A/Libraries/libGLImage.dylib
0x00000000037b0000 	/System/Library/Frameworks/OpenGL.framework/Versions/A/Libraries/libCVMSPluginSupport.dylib
0x00000000037b0000 	/System/Library/Frameworks/OpenGL.framework/Versions/A/Libraries/libCoreVMClient.dylib
0x00000000037b0000 	/System/Library/PrivateFrameworks/CrashReporterSupport.framework/Versions/A/CrashReporterSupport
0x00000000037b0000 	/System/Library/PrivateFrameworks/Sharing.framework/Versions/A/Sharing
0x00000000037b0000 	/System/Library/PrivateFrameworks/IconServices.framework/Versions/A/IconServices
0x00000000037b0000 	/System/Library/PrivateFrameworks/ProtocolBuffer.framework/Versions/A/ProtocolBuffer
0x00000000037b0000 	/System/Library/PrivateFrameworks/Apple80211.framework/Versions/A/Apple80211
0x00000000037b0000 	/System/Library/Frameworks/CoreWLAN.framework/Versions/A/CoreWLAN
0x00000000037b0000 	/System/Library/PrivateFrameworks/CoreUtils.framework/Versions/A/CoreUtils
0x00000000037b0000 	/System/Library/Frameworks/IOBluetooth.framework/Versions/A/IOBluetooth
0x00000000037b0000 	/System/Library/PrivateFrameworks/CoreWiFi.framework/Versions/A/CoreWiFi
0x00000000037b0000 	/System/Library/Frameworks/CoreBluetooth.framework/Versions/A/CoreBluetooth
0x00000000037b0000 	/System/Library/Frameworks/CoreDisplay.framework/Versions/A/CoreDisplay
0x00000000037b0000 	/System/Library/PrivateFrameworks/IOPresentment.framework/Versions/A/IOPresentment
0x00000000037b0000 	/System/Library/PrivateFrameworks/DebugSymbols.framework/Versions/A/DebugSymbols
0x00000000037b0000 	/System/Library/PrivateFrameworks/CoreSymbolication.framework/Versions/A/CoreSymbolication
0x00000000037b0000 	/System/Library/PrivateFrameworks/Symbolication.framework/Versions/A/Symbolication
0x00000000037b0000 	/System/Library/PrivateFrameworks/AppleFSCompression.framework/Versions/A/AppleFSCompression
0x00000000037b0000 	/System/Library/PrivateFrameworks/SpeechRecognitionCore.framework/Versions/A/SpeechRecognitionCore
0x00000000037b0000 	/System/Library/PrivateFrameworks/ChunkingLibrary.framework/Versions/A/ChunkingLibrary
0x0000000100408000 	/Users/Taban/.p2/pool/plugins/org.eclipse.equinox.launcher.cocoa.macosx.x86_64_1.1.400.v20160518-1444/eclipse_1615.so
0x00000000037b0000 	/System/Library/PrivateFrameworks/CoreServicesInternal.framework/Versions/A/CoreServicesInternal
0x0000000100448000 	/Library/Java/JavaVirtualMachines/jdk1.8.0_65.jdk/Contents/MacOS/libjli.dylib
0x0000000106800000 	/Library/Java/JavaVirtualMachines/jdk1.8.0_65.jdk/Contents/Home/jre//lib/server/libjvm.dylib
0x00000000037b0000 	/usr/lib/libstdc++.6.dylib
0x0000000100458000 	/Library/Java/JavaVirtualMachines/jdk1.8.0_65.jdk/Contents/Home/jre/lib/libverify.dylib
0x0000000100466000 	/Library/Java/JavaVirtualMachines/jdk1.8.0_65.jdk/Contents/Home/jre/lib/libjava.dylib
0x00000001004a4000 	/Library/Java/JavaVirtualMachines/jdk1.8.0_65.jdk/Contents/Home/jre/lib/libzip.dylib
0x0000000101000000 	/System/Library/Frameworks/JavaVM.framework/Frameworks/JavaRuntimeSupport.framework/JavaRuntimeSupport
0x00000001017e7000 	/System/Library/Frameworks/JavaVM.framework/Versions/A/Frameworks/JavaNativeFoundation.framework/Versions/A/JavaNativeFoundation
0x00000001004ee000 	/System/Library/Frameworks/JavaVM.framework/Versions/A/JavaVM
0x00000000037b0000 	/System/Library/Frameworks/Carbon.framework/Versions/A/Carbon
0x00000001010ef000 	/System/Library/PrivateFrameworks/JavaLaunching.framework/Versions/A/JavaLaunching
0x00000000037b0000 	/System/Library/Frameworks/Carbon.framework/Versions/A/Frameworks/CommonPanels.framework/Versions/A/CommonPanels
0x00000000037b0000 	/System/Library/Frameworks/Carbon.framework/Versions/A/Frameworks/Help.framework/Versions/A/Help
0x00000000037b0000 	/System/Library/Frameworks/Carbon.framework/Versions/A/Frameworks/ImageCapture.framework/Versions/A/ImageCapture
0x00000000037b0000 	/System/Library/Frameworks/Carbon.framework/Versions/A/Frameworks/OpenScripting.framework/Versions/A/OpenScripting
0x00000000037b0000 	/System/Library/Frameworks/Carbon.framework/Versions/A/Frameworks/Print.framework/Versions/A/Print
0x00000000037b0000 	/System/Library/Frameworks/Carbon.framework/Versions/A/Frameworks/SecurityHI.framework/Versions/A/SecurityHI
0x00000000037b0000 	/System/Library/CoreServices/RawCamera.bundle/Contents/MacOS/RawCamera
0x00000000037b0000 	/System/Library/Frameworks/Accelerate.framework/Versions/A/Frameworks/vImage.framework/Versions/A/Libraries/libCGInterfaces.dylib
0x00000000037b0000 	/System/Library/PrivateFrameworks/FamilyControls.framework/Versions/A/FamilyControls
0x00000000037b0000 	/System/Library/PrivateFrameworks/CommerceKit.framework/Versions/A/Frameworks/CommerceCore.framework/Versions/A/CommerceCore
0x00000000037b0000 	/System/Library/PrivateFrameworks/SystemAdministration.framework/Versions/A/SystemAdministration
0x00000000037b0000 	/System/Library/PrivateFrameworks/AppContainer.framework/Versions/A/AppContainer
0x00000000037b0000 	/System/Library/PrivateFrameworks/SecCodeWrapper.framework/Versions/A/SecCodeWrapper
0x00000000037b0000 	/System/Library/Frameworks/DirectoryService.framework/Versions/A/DirectoryService
0x00000000037b0000 	/System/Library/PrivateFrameworks/DiskImages.framework/Versions/A/DiskImages
0x00000000037b0000 	/System/Library/PrivateFrameworks/LoginUIKit.framework/Versions/A/Frameworks/LoginUICore.framework/Versions/A/LoginUICore
0x00000000037b0000 	/usr/lib/libCoreStorage.dylib
0x00000000037b0000 	/usr/lib/libcsfde.dylib
0x00000000037b0000 	/usr/lib/libodfde.dylib
0x00000000037b0000 	/System/Library/Frameworks/DiscRecording.framework/Versions/A/DiscRecording
0x00000000037b0000 	/usr/lib/libcurl.4.dylib
0x00000000037b0000 	/System/Library/PrivateFrameworks/MediaKit.framework/Versions/A/MediaKit
0x00000000037b0000 	/System/Library/PrivateFrameworks/ProtectedCloudStorage.framework/Versions/A/ProtectedCloudStorage
0x00000000037b0000 	/System/Library/PrivateFrameworks/EFILogin.framework/Versions/A/EFILogin
0x00000000037b0000 	/usr/lib/libutil.dylib
0x00000000037b0000 	/System/Library/Frameworks/LDAP.framework/Versions/A/LDAP
0x00000000037b0000 	/usr/lib/libsasl2.2.dylib
0x00000000037b0000 	/System/Library/PrivateFrameworks/CoreDaemon.framework/Versions/B/CoreDaemon
0x00000000037b0000 	/System/Library/PrivateFrameworks/AppleSRP.framework/Versions/A/AppleSRP
0x00000000037b0000 	/System/Library/PrivateFrameworks/APFS.framework/Versions/A/APFS
0x00000000037b0000 	/System/Library/Frameworks/ApplicationServices.framework/Versions/A/Frameworks/ATS.framework/Versions/A/Resources/libTrueTypeScaler.dylib
0x00000000037b0000 	/System/Library/Frameworks/OpenGL.framework/Versions/A/Resources/GLEngine.bundle/GLEngine
0x00000000037b0000 	/System/Library/Frameworks/OpenGL.framework/Versions/A/Libraries/libGLProgrammability.dylib
0x0000000121800000 	/System/Library/Extensions/AppleIntelHD5000GraphicsGLDriver.bundle/Contents/MacOS/AppleIntelHD5000GraphicsGLDriver
0x00000000037b0000 	/System/Library/PrivateFrameworks/GPUSupport.framework/Versions/A/Libraries/libGPUSupportMercury.dylib
0x00000000037b0000 	/System/Library/Frameworks/OpenGL.framework/Versions/A/Resources/GLRendererFloat.bundle/GLRendererFloat
0x00000000037b0000 	/System/Library/Frameworks/OpenCL.framework/Versions/A/Libraries/libcldcpuengine.dylib
0x00000000037b0000 	/usr/lib/libcrypto.0.9.8.dylib
0x00000000037b0000 	/System/Library/PrivateFrameworks/TrustEvaluationAgent.framework/Versions/A/TrustEvaluationAgent
0x0000000120900000 	/System/Library/Extensions/AppleIntelHD5000GraphicsMTLDriver.bundle/Contents/MacOS/AppleIntelHD5000GraphicsMTLDriver
0x000000011da5d000 	/Library/Java/JavaVirtualMachines/jdk1.8.0_65.jdk/Contents/Home/jre/lib/libnet.dylib
0x000000010140b000 	/Library/Java/JavaVirtualMachines/jdk1.8.0_65.jdk/Contents/Home/jre/lib/libnio.dylib
0x00000000037b0000 	/System/Library/PrivateFrameworks/ViewBridge.framework/Versions/A/ViewBridge
0x00000000037b0000 	/System/Library/PrivateFrameworks/XPCService.framework/Versions/A/XPCService
0x00000000037b0000 	/System/Library/PrivateFrameworks/AppSandbox.framework/Versions/A/AppSandbox
0x00000000037b0000 	/usr/lib/libsandbox.1.dylib
0x00000000037b0000 	/usr/lib/libMatch.1.dylib
0x00000001016a8000 	/Users/Taban/eclipse/cpp-neon2/Eclipse.app/Contents/Eclipse/configuration/org.eclipse.osgi/409/0/.cp/libswt-cocoa-4626.jnilib
0x00000000037b0000 	/System/Library/Frameworks/WebKit.framework/Versions/A/WebKit
0x00000000037b0000 	/System/Library/Frameworks/JavaScriptCore.framework/Versions/A/JavaScriptCore
0x00000000037b0000 	/System/Library/Frameworks/SecurityInterface.framework/Versions/A/SecurityInterface
0x00000000037b0000 	/System/Library/Frameworks/WebKit.framework/Versions/A/Frameworks/WebKitLegacy.framework/Versions/A/WebKitLegacy
0x00000000037b0000 	/System/Library/Frameworks/WebKit.framework/Versions/A/Frameworks/WebCore.framework/Versions/A/WebCore
0x0000000120604000 	/Users/Taban/eclipse/cpp-neon2/Eclipse.app/Contents/Eclipse/configuration/org.eclipse.osgi/409/0/.cp/libswt-pi-cocoa-4626.jnilib
0x0000000101708000 	/Users/Taban/eclipse/cpp-neon2/Eclipse.app/Contents/Eclipse/configuration/org.eclipse.osgi/100/0/.cp/os/macosx/libunixfile_1_0_0.jnilib
0x0000000120589000 	/Library/Java/JavaVirtualMachines/jdk1.8.0_65.jdk/Contents/Home/jre/lib/libsunec.dylib
0x00000000037b0000 	/System/Library/Frameworks/AVFoundation.framework/Versions/A/AVFoundation
0x00000000037b0000 	/System/Library/Frameworks/AVFoundation.framework/Versions/A/Frameworks/AVFAudio.framework/Versions/A/AVFAudio
0x00000000037b0000 	/System/Library/Frameworks/CoreMedia.framework/Versions/A/CoreMedia
0x00000000037b0000 	/System/Library/Frameworks/MediaToolbox.framework/Versions/A/MediaToolbox
0x00000000037b0000 	/System/Library/Frameworks/VideoToolbox.framework/Versions/A/VideoToolbox
0x00000000037b0000 	/System/Library/PrivateFrameworks/IntlPreferences.framework/Versions/A/IntlPreferences
0x00000000037b0000 	/System/Library/Frameworks/CoreMediaIO.framework/Versions/A/CoreMediaIO
0x00000000037b0000 	/usr/lib/libspindump.dylib
0x00000000037b0000 	/usr/lib/libdscsym.dylib
0x00000000037b0000 	/System/Library/PrivateFrameworks/CoreAVCHD.framework/Versions/A/CoreAVCHD
0x00000000037b0000 	/System/Library/Frameworks/MediaAccessibility.framework/Versions/A/MediaAccessibility
0x00000000037b0000 	/System/Library/PrivateFrameworks/Mangrove.framework/Versions/A/Mangrove
0x00000000037b0000 	/System/Library/PrivateFrameworks/CoreAUC.framework/Versions/A/CoreAUC
0x00000000037b0000 	/System/Library/PrivateFrameworks/AppleVA.framework/Versions/A/AppleVA
0x000000011da74000 	cl_kernels
0x00000000037b0000 	/System/Library/Frameworks/OpenCL.framework/Versions/A/Libraries/ImageFormats/unorm8_bgra.dylib
0x0000000101563000 	cl_kernels
0x00000000037b0000 	/System/Library/PrivateFrameworks/DataDetectors.framework/Versions/A/DataDetectors
0x00000000037b0000 	/System/Library/Frameworks/AddressBook.framework/Versions/A/AddressBook
0x00000000037b0000 	/System/Library/Frameworks/Quartz.framework/Versions/A/Quartz
0x00000000037b0000 	/System/Library/PrivateFrameworks/ContactsPersistence.framework/Versions/A/ContactsPersistence
0x00000000037b0000 	/System/Library/PrivateFrameworks/CalendarAgentLink.framework/Versions/A/CalendarAgentLink
0x00000000037b0000 	/System/Library/PrivateFrameworks/ContactsFoundation.framework/Versions/A/ContactsFoundation
0x00000000037b0000 	/System/Library/PrivateFrameworks/vCard.framework/Versions/A/vCard
0x00000000037b0000 	/System/Library/PrivateFrameworks/ToneLibrary.framework/Versions/A/ToneLibrary
0x00000000037b0000 	/System/Library/PrivateFrameworks/ToneKit.framework/Versions/A/ToneKit
0x00000000037b0000 	/System/Library/PrivateFrameworks/ApplePushService.framework/Versions/A/ApplePushService
0x00000000037b0000 	/System/Library/PrivateFrameworks/PhoneNumbers.framework/Versions/A/PhoneNumbers
0x00000000037b0000 	/System/Library/Frameworks/Accounts.framework/Versions/A/Accounts
0x00000000037b0000 	/System/Library/PrivateFrameworks/OAuth.framework/Versions/A/OAuth
0x00000000037b0000 	/System/Library/Frameworks/Quartz.framework/Versions/A/Frameworks/QuartzComposer.framework/Versions/A/QuartzComposer
0x00000000037b0000 	/System/Library/Frameworks/Quartz.framework/Versions/A/Frameworks/PDFKit.framework/Versions/A/PDFKit
0x00000000037b0000 	/System/Library/Frameworks/Quartz.framework/Versions/A/Frameworks/QuartzFilters.framework/Versions/A/QuartzFilters
0x00000000037b0000 	/System/Library/Frameworks/Quartz.framework/Versions/A/Frameworks/ImageKit.framework/Versions/A/ImageKit
0x00000000037b0000 	/System/Library/Frameworks/Quartz.framework/Versions/A/Frameworks/QuickLookUI.framework/Versions/A/QuickLookUI
0x00000000037b0000 	/System/Library/Frameworks/QTKit.framework/Versions/A/QTKit
0x00000000037b0000 	/System/Library/PrivateFrameworks/AppleSystemInfo.framework/Versions/A/AppleSystemInfo
0x00000000037b0000 	/System/Library/PrivateFrameworks/CoreMediaAuthoring.framework/Versions/A/CoreMediaAuthoring
0x00000000037b0000 	/System/Library/PrivateFrameworks/CorePDF.framework/Versions/A/CorePDF
0x00000000037b0000 	/System/Library/Frameworks/QuickLook.framework/Versions/A/QuickLook
0x00000000037b0000 	/System/Library/PrivateFrameworks/DisplayServices.framework/Versions/A/DisplayServices
0x00000000037b0000 	/System/Library/Frameworks/ImageCaptureCore.framework/Versions/A/ImageCaptureCore
0x00000000037b0000 	/System/Library/PrivateFrameworks/QuickLookThumbnailing.framework/Versions/A/QuickLookThumbnailing
0x00000000037b0000 	/System/Library/Frameworks/SafariServices.framework/Versions/A/SafariServices
0x00000000037b0000 	/System/Library/PrivateFrameworks/MobileKeyBag.framework/Versions/A/MobileKeyBag
0x00000000037b0000 	/System/Library/PrivateFrameworks/CloudDocs.framework/Versions/A/CloudDocs
0x00000000037b0000 	/System/Library/Frameworks/CloudKit.framework/Versions/A/CloudKit
0x00000000037b0000 	/System/Library/PrivateFrameworks/MMCS.framework/Versions/A/MMCS
0x00000000037b0000 	/System/Library/Frameworks/CoreLocation.framework/Versions/A/CoreLocation
0x00000000037b0000 	/System/Library/PrivateFrameworks/AssetCacheServices.framework/Versions/A/AssetCacheServices
0x00000000037b0000 	/System/Library/PrivateFrameworks/GeoServices.framework/Versions/A/GeoServices
0x00000001231d1000 	/System/Library/PrivateFrameworks/CoreNLP.framework/Versions/A/CoreNLP
0x000000011d954000 	/Users/Taban/eclipse/cpp-neon2/Eclipse.app/Contents/Eclipse/configuration/org.eclipse.osgi/59/0/.cp/os/macosx/x86_64/libspawner.jnilib
0x000000011cbb0000 	cl_kernels
0x00000000037b0000 	/System/Library/Frameworks/OpenCL.framework/Versions/A/Libraries/ImageFormats/unorm8_rgba.dylib
0x000000011d8dd000 	cl_kernels
0x00000001014da000 	/Users/Taban/eclipse/cpp-neon2/Eclipse.app/Contents/Eclipse/configuration/org.eclipse.osgi/59/0/.cp/os/macosx/x86_64/libpty.jnilib
0x00000000037b0000 	/System/Library/PrivateFrameworks/Shortcut.framework/Versions/A/Shortcut
0x00000000037b0000 	/System/Library/PrivateFrameworks/HelpData.framework/Versions/A/HelpData

VM Arguments:
jvm_args: -Dosgi.requiredJavaVersion=1.8 -XX:+UseG1GC -XX:+UseStringDeduplication -XstartOnFirstThread -Dorg.eclipse.swt.internal.carbon.smallFonts -Dosgi.requiredJavaVersion=1.8 -Xms256m -Xmx1024m -Xdock:icon=../Resources/Eclipse.icns -XstartOnFirstThread -Dorg.eclipse.swt.internal.carbon.smallFonts -Declipse.p2.max.threads=10 -Doomph.update.url=http://download.eclipse.org/oomph/updates/milestone/latest -Doomph.redirection.index.redirection=index:/->http://git.eclipse.org/c/oomph/org.eclipse.oomph.git/plain/setups/ 
java_command: <unknown>
java_class_path (initial): /Users/Taban/eclipse/cpp-neon2/Eclipse.app/Contents/MacOS//../Eclipse/plugins/org.eclipse.equinox.launcher_1.3.200.v20160318-1642.jar
Launcher Type: generic

Environment Variables:
PATH=/usr/bin:/bin:/usr/sbin:/sbin
SHELL=/bin/bash

Signal Handlers:
SIGSEGV: [libjvm.dylib+0x5a6d31], sa_mask[0]=11111111011111110111111111111111, sa_flags=SA_ONSTACK|SA_RESTART|SA_SIGINFO
SIGBUS: [libjvm.dylib+0x5a6d31], sa_mask[0]=11111111011111110111111111111111, sa_flags=SA_RESTART|SA_SIGINFO
SIGFPE: [libjvm.dylib+0x480a40], sa_mask[0]=11111111011111110111111111111111, sa_flags=SA_RESTART|SA_SIGINFO
SIGPIPE: [libjvm.dylib+0x480a40], sa_mask[0]=11111111011111110111111111111111, sa_flags=SA_RESTART|SA_SIGINFO
SIGXFSZ: [libjvm.dylib+0x480a40], sa_mask[0]=11111111011111110111111111111111, sa_flags=SA_RESTART|SA_SIGINFO
SIGILL: [libjvm.dylib+0x480a40], sa_mask[0]=11111111011111110111111111111111, sa_flags=SA_RESTART|SA_SIGINFO
SIGUSR1: SIG_DFL, sa_mask[0]=00000000000000000000000000000000, sa_flags=none
SIGUSR2: [libjvm.dylib+0x48055e], sa_mask[0]=00000000000000000000000000000000, sa_flags=SA_RESTART|SA_SIGINFO
SIGHUP: [libjvm.dylib+0x47eb35], sa_mask[0]=11111111011111110111111111111111, sa_flags=SA_RESTART|SA_SIGINFO
SIGINT: [libjvm.dylib+0x47eb35], sa_mask[0]=11111111011111110111111111111111, sa_flags=SA_RESTART|SA_SIGINFO
SIGTERM: [libjvm.dylib+0x47eb35], sa_mask[0]=11111111011111110111111111111111, sa_flags=SA_RESTART|SA_SIGINFO
SIGQUIT: [libjvm.dylib+0x47eb35], sa_mask[0]=11111111011111110111111111111111, sa_flags=SA_RESTART|SA_SIGINFO


---------------  S Y S T E M  ---------------

OS:Bsduname:Darwin 16.0.0 Darwin Kernel Version 16.0.0: Mon Aug 29 17:56:20 PDT 2016; root:xnu-3789.1.32~3/RELEASE_X86_64 x86_64
rlimit: STACK 8192k, CORE 0k, NPROC 709, NOFILE 10240, AS infinity
load average:1.56 1.64 1.74

CPU:total 8 (4 cores per cpu, 2 threads per core) family 6 model 70 stepping 1, cmov, cx8, fxsr, mmx, sse, sse2, sse3, ssse3, sse4.1, sse4.2, popcnt, avx, avx2, aes, clmul, erms, lzcnt, ht, tsc, tscinvbit, bmi1, bmi2

Memory: 4k page, physical 16777216k(33080k free)

/proc/meminfo:


vm_info: Java HotSpot(TM) 64-Bit Server VM (25.65-b01) for bsd-amd64 JRE (1.8.0_65-b17), built on Oct  6 2015 15:36:46 by "java_re" with gcc 4.2.1 (Based on Apple Inc. build 5658) (LLVM build 2336.11.00)

time: Tue Oct 18 16:06:26 2016
elapsed time: 2170 seconds (0d 0h 36m 10s)

