09:36:26 **** Incremental Build of configuration Debug for project LearningCPlusPlus ****
make all 
Building file: ../src/main.cpp
Invoking: GCC C++ Compiler
g++ -O0 -g3 -Wall -c -fmessage-length=0 -MMD -MP -MF"src/main.d" -MT"src/main.o" -o "src/main.o" "../src/main.cpp"
../src/main.cpp:19:34: warning: format specifies type 'int' but the argument has type 'int *' [-Wformat]
        printf("Value pointer y %d\n ", ip);
                                ~~      ^~
1 warning generated.
Finished building: ../src/main.cpp
 
Building target: LearningCPlusPlus
Invoking: MacOS X C++ Linker
g++  -o "LearningCPlusPlus"  ./src/main.o   
Finished building target: LearningCPlusPlus
 
09:37:20 **** Incremental Build of configuration Debug for project LearningCPlusPlus ****
make all 
Building file: ../src/main.cpp
Invoking: GCC C++ Compiler
g++ -O0 -g3 -Wall -c -fmessage-length=0 -MMD -MP -MF"src/main.d" -MT"src/main.o" -o "src/main.o" "../src/main.cpp"
Finished building: ../src/main.cpp
 
Building target: LearningCPlusPlus
Invoking: MacOS X C++ Linker
g++  -o "LearningCPlusPlus"  ./src/main.o   
Finished building target: LearningCPlusPlus
 
09:37:23 **** Incremental Build of configuration Debug for project LearningCPlusPlus ****
make all 
make: Nothing to be done for `all'.
13:08:42 **** Incremental Build of configuration Debug for project LearningCPlusPlus ****
make all 
Building file: ../src/main.cpp
Invoking: GCC C++ Compiler
g++ -O0 -g3 -Wall -c -fmessage-length=0 -MMD -MP -MF"src/main.d" -MT"src/main.o" -o "src/main.o" "../src/main.cpp"
../src/main.cpp:15:18: warning: data argument not used by format string [-Wformat-extra-args]
                printf("Test", a);
                       ~~~~~~  ^
1 warning generated.
Finished building: ../src/main.cpp
 
Building target: LearningCPlusPlus
Invoking: MacOS X C++ Linker
g++  -o "LearningCPlusPlus"  ./src/main.o   
Finished building target: LearningCPlusPlus
 
13:08:47 **** Incremental Build of configuration Debug for project LearningCPlusPlus ****
make all 
make: Nothing to be done for `all'.
13:08:55 **** Incremental Build of configuration Debug for project LearningCPlusPlus ****
make all 
make: Nothing to be done for `all'.
13:08:57 **** Incremental Build of configuration Debug for project LearningCPlusPlus ****
make all 
make: Nothing to be done for `all'.
13:09:09 **** Incremental Build of configuration Debug for project LearningCPlusPlus ****
make all 
Building file: ../src/main.cpp
Invoking: GCC C++ Compiler
g++ -O0 -g3 -Wall -c -fmessage-length=0 -MMD -MP -MF"src/main.d" -MT"src/main.o" -o "src/main.o" "../src/main.cpp"
Finished building: ../src/main.cpp
 
Building target: LearningCPlusPlus
Invoking: MacOS X C++ Linker
g++  -o "LearningCPlusPlus"  ./src/main.o   
Finished building target: LearningCPlusPlus
 
19:23:05 **** Build of configuration Debug for project ExampleCalculator ****
make all 
Building file: ../sourceFolder/Calculator.cpp
Invoking: GCC C++ Compiler
g++ -O0 -g3 -Wall -c -fmessage-length=0 -MMD -MP -MF"sourceFolder/Calculator.d" -MT"sourceFolder/Calculator.o" -o "sourceFolder/Calculator.o" "../sourceFolder/Calculator.cpp"
../sourceFolder/Calculator.cpp:12:24: warning: extra tokens at end of #include directive [-Wextra-tokens]
#include "Calculator.h";
                       ^
                       //
1 warning generated.
Finished building: ../sourceFolder/Calculator.cpp
 
Building target: ExampleCalculator
Invoking: MacOS X C++ Linker
g++  -o "ExampleCalculator"  ./sourceFolder/Calculator.o   
Finished building target: ExampleCalculator
 
19:23:06 **** Incremental Build of configuration Debug for project LearningCPlusPlus ****
make all 
Building file: ../src/main.cpp
Invoking: GCC C++ Compiler
g++ -O0 -g3 -Wall -c -fmessage-length=0 -MMD -MP -MF"src/main.d" -MT"src/main.o" -o "src/main.o" "../src/main.cpp"
../src/main.cpp:20:6: warning: unused variable 'k' [-Wunused-variable]
        int k =
            ^
1 warning generated.
Finished building: ../src/main.cpp
 
Building target: LearningCPlusPlus
Invoking: MacOS X C++ Linker
g++  -o "LearningCPlusPlus"  ./src/main.o   
Finished building target: LearningCPlusPlus
 
19:23:07 **** Build of configuration Debug for project RockPaperScissor ****
make all 
Building file: ../sourcFile/mainClient.cpp
Invoking: GCC C++ Compiler
g++ -O0 -g3 -Wall -c -fmessage-length=0 -MMD -MP -MF"sourcFile/mainClient.d" -MT"sourcFile/mainClient.o" -o "sourcFile/mainClient.o" "../sourcFile/mainClient.cpp"
Finished building: ../sourcFile/mainClient.cpp
 
Building target: RockPaperScissor
Invoking: MacOS X C++ Linker
g++  -o "RockPaperScissor"  ./sourcFile/mainClient.o   
Finished building target: RockPaperScissor
 
19:23:07 **** Build of configuration Debug for project SimpleCalculator ****
make all 
Building file: ../sourceFile/manClient.cpp
Invoking: GCC C++ Compiler
g++ -O0 -g3 -Wall -c -fmessage-length=0 -MMD -MP -MF"sourceFile/manClient.d" -MT"sourceFile/manClient.o" -o "sourceFile/manClient.o" "../sourceFile/manClient.cpp"
Finished building: ../sourceFile/manClient.cpp
 
Building target: SimpleCalculator
Invoking: MacOS X C++ Linker
g++  -o "SimpleCalculator"  ./sourceFile/manClient.o   
Finished building target: SimpleCalculator
 
19:23:08 **** Build of configuration Debug for project StringProcessing ****
make all 
Building file: ../source/mainClient.cpp
Invoking: GCC C++ Compiler
g++ -O0 -g3 -Wall -c -fmessage-length=0 -MMD -MP -MF"source/mainClient.d" -MT"source/mainClient.o" -o "source/mainClient.o" "../source/mainClient.cpp"
Finished building: ../source/mainClient.cpp
 
Building target: StringProcessing
Invoking: MacOS X C++ Linker
g++  -o "StringProcessing"  ./source/mainClient.o   
Finished building target: StringProcessing
 
19:23:19 **** Incremental Build of configuration Debug for project ExampleCalculator ****
make all 
make: Nothing to be done for `all'.
19:23:19 **** Incremental Build of configuration Debug for project LearningCPlusPlus ****
make all 
make: Nothing to be done for `all'.
19:23:19 **** Incremental Build of configuration Debug for project RockPaperScissor ****
make all 
make: Nothing to be done for `all'.
19:23:19 **** Incremental Build of configuration Debug for project SimpleCalculator ****
make all 
make: Nothing to be done for `all'.
19:23:20 **** Incremental Build of configuration Debug for project StringProcessing ****
make all 
make: Nothing to be done for `all'.
19:29:15 **** Incremental Build of configuration Debug for project LearningCPlusPlus ****
make all 
Building file: ../src/main.cpp
Invoking: GCC C++ Compiler
g++ -O0 -g3 -Wall -c -fmessage-length=0 -MMD -MP -MF"src/main.d" -MT"src/main.o" -o "src/main.o" "../src/main.cpp"
../src/main.cpp:20:6: error: cannot initialize a variable of type 'int' with an rvalue of type 'int *'
        int k = &x;
            ^   ~~
1 error generated.
make: *** [src/main.o] Error 1
19:29:32 **** Incremental Build of configuration Debug for project LearningCPlusPlus ****
make all 
Building file: ../src/main.cpp
Invoking: GCC C++ Compiler
g++ -O0 -g3 -Wall -c -fmessage-length=0 -MMD -MP -MF"src/main.d" -MT"src/main.o" -o "src/main.o" "../src/main.cpp"
../src/main.cpp:21:20: error: use of undeclared identifier 'k'
        printf("x %d\n ", k);
                          ^
1 error generated.
make: *** [src/main.o] Error 1
19:29:43 **** Incremental Build of configuration Debug for project LearningCPlusPlus ****
make all 
Building file: ../src/main.cpp
Invoking: GCC C++ Compiler
g++ -O0 -g3 -Wall -c -fmessage-length=0 -MMD -MP -MF"src/main.d" -MT"src/main.o" -o "src/main.o" "../src/main.cpp"
Finished building: ../src/main.cpp
 
Building target: LearningCPlusPlus
Invoking: MacOS X C++ Linker
g++  -o "LearningCPlusPlus"  ./src/main.o   
Finished building target: LearningCPlusPlus
 
19:29:55 **** Incremental Build of configuration Debug for project LearningCPlusPlus ****
make all 
make: Nothing to be done for `all'.
19:30:13 **** Incremental Build of configuration Debug for project LearningCPlusPlus ****
make all 
make: Nothing to be done for `all'.
19:30:17 **** Incremental Build of configuration Debug for project LearningCPlusPlus ****
make all 
make: Nothing to be done for `all'.
19:30:49 **** Incremental Build of configuration Debug for project LearningCPlusPlus ****
make all 
Building file: ../src/main.cpp
Invoking: GCC C++ Compiler
g++ -O0 -g3 -Wall -c -fmessage-length=0 -MMD -MP -MF"src/main.d" -MT"src/main.o" -o "src/main.o" "../src/main.cpp"
Finished building: ../src/main.cpp
 
Building target: LearningCPlusPlus
Invoking: MacOS X C++ Linker
g++  -o "LearningCPlusPlus"  ./src/main.o   
Finished building target: LearningCPlusPlus
 
19:33:43 **** Incremental Build of configuration Debug for project LearningCPlusPlus ****
make all 
make: Nothing to be done for `all'.
19:33:48 **** Incremental Build of configuration Debug for project LearningCPlusPlus ****
make all 
make: Nothing to be done for `all'.
19:34:14 **** Incremental Build of configuration Debug for project LearningCPlusPlus ****
make all 
Building file: ../src/main.cpp
Invoking: GCC C++ Compiler
g++ -O0 -g3 -Wall -c -fmessage-length=0 -MMD -MP -MF"src/main.d" -MT"src/main.o" -o "src/main.o" "../src/main.cpp"
Finished building: ../src/main.cpp
 
Building target: LearningCPlusPlus
Invoking: MacOS X C++ Linker
g++  -o "LearningCPlusPlus"  ./src/main.o   
Finished building target: LearningCPlusPlus
 
19:34:26 **** Incremental Build of configuration Debug for project LearningCPlusPlus ****
make all 
Building file: ../src/main.cpp
Invoking: GCC C++ Compiler
g++ -O0 -g3 -Wall -c -fmessage-length=0 -MMD -MP -MF"src/main.d" -MT"src/main.o" -o "src/main.o" "../src/main.cpp"
../src/main.cpp:23:19: warning: data argument not used by format string [-Wformat-extra-args]
        printf("%d", xp, "\n");
               ~~~~      ^
1 warning generated.
Finished building: ../src/main.cpp
 
Building target: LearningCPlusPlus
Invoking: MacOS X C++ Linker
g++  -o "LearningCPlusPlus"  ./src/main.o   
Finished building target: LearningCPlusPlus
 
19:34:45 **** Incremental Build of configuration Debug for project LearningCPlusPlus ****
make all 
Building file: ../src/main.cpp
Invoking: GCC C++ Compiler
g++ -O0 -g3 -Wall -c -fmessage-length=0 -MMD -MP -MF"src/main.d" -MT"src/main.o" -o "src/main.o" "../src/main.cpp"
Finished building: ../src/main.cpp
 
Building target: LearningCPlusPlus
Invoking: MacOS X C++ Linker
g++  -o "LearningCPlusPlus"  ./src/main.o   
Finished building target: LearningCPlusPlus
 
19:34:56 **** Incremental Build of configuration Debug for project LearningCPlusPlus ****
make all 
Building file: ../src/main.cpp
Invoking: GCC C++ Compiler
g++ -O0 -g3 -Wall -c -fmessage-length=0 -MMD -MP -MF"src/main.d" -MT"src/main.o" -o "src/main.o" "../src/main.cpp"
Finished building: ../src/main.cpp
 
Building target: LearningCPlusPlus
Invoking: MacOS X C++ Linker
g++  -o "LearningCPlusPlus"  ./src/main.o   
Finished building target: LearningCPlusPlus
 
19:36:30 **** Incremental Build of configuration Debug for project LearningCPlusPlus ****
make all 
Building file: ../src/main.cpp
Invoking: GCC C++ Compiler
g++ -O0 -g3 -Wall -c -fmessage-length=0 -MMD -MP -MF"src/main.d" -MT"src/main.o" -o "src/main.o" "../src/main.cpp"
Finished building: ../src/main.cpp
 
Building target: LearningCPlusPlus
Invoking: MacOS X C++ Linker
g++  -o "LearningCPlusPlus"  ./src/main.o   
Finished building target: LearningCPlusPlus
 
19:36:43 **** Incremental Build of configuration Debug for project LearningCPlusPlus ****
make all 
Building file: ../src/main.cpp
Invoking: GCC C++ Compiler
g++ -O0 -g3 -Wall -c -fmessage-length=0 -MMD -MP -MF"src/main.d" -MT"src/main.o" -o "src/main.o" "../src/main.cpp"
Finished building: ../src/main.cpp
 
Building target: LearningCPlusPlus
Invoking: MacOS X C++ Linker
g++  -o "LearningCPlusPlus"  ./src/main.o   
Finished building target: LearningCPlusPlus
 
05:09:54 **** Incremental Build of configuration Debug for project LearningCPlusPlus ****
make all 
Building file: ../src/main.cpp
Invoking: GCC C++ Compiler
g++ -O0 -g3 -Wall -c -fmessage-length=0 -MMD -MP -MF"src/main.d" -MT"src/main.o" -o "src/main.o" "../src/main.cpp"
Finished building: ../src/main.cpp
 
Building target: LearningCPlusPlus
Invoking: MacOS X C++ Linker
g++  -o "LearningCPlusPlus"  ./src/main.o   
Finished building target: LearningCPlusPlus
 
06:21:33 **** Incremental Build of configuration Debug for project LearningCPlusPlus ****
make all 
Building file: ../src/main.cpp
Invoking: GCC C++ Compiler
g++ -O0 -g3 -Wall -c -fmessage-length=0 -MMD -MP -MF"src/main.d" -MT"src/main.o" -o "src/main.o" "../src/main.cpp"
Finished building: ../src/main.cpp
 
Building target: LearningCPlusPlus
Invoking: MacOS X C++ Linker
g++  -o "LearningCPlusPlus"  ./src/main.o   
Finished building target: LearningCPlusPlus
 
10:46:52 **** Incremental Build of configuration Debug for project LearningCPlusPlus ****
make all 
Building file: ../src/main.cpp
Invoking: GCC C++ Compiler
g++ -O0 -g3 -Wall -c -fmessage-length=0 -MMD -MP -MF"src/main.d" -MT"src/main.o" -o "src/main.o" "../src/main.cpp"
Finished building: ../src/main.cpp
 
Building target: LearningCPlusPlus
Invoking: MacOS X C++ Linker
g++  -o "LearningCPlusPlus"  ./src/main.o   
Finished building target: LearningCPlusPlus
 
10:49:11 **** Incremental Build of configuration Debug for project LearningCPlusPlus ****
make all 
make: Nothing to be done for `all'.
10:49:15 **** Incremental Build of configuration Debug for project ExampleCalculator ****
make all 
make: Nothing to be done for `all'.
10:49:15 **** Incremental Build of configuration Debug for project LearningCPlusPlus ****
make all 
make: Nothing to be done for `all'.
10:49:15 **** Incremental Build of configuration Debug for project RockPaperScissor ****
make all 
make: Nothing to be done for `all'.
10:49:16 **** Incremental Build of configuration Debug for project SimpleCalculator ****
make all 
make: Nothing to be done for `all'.
10:49:16 **** Incremental Build of configuration Debug for project StringProcessing ****
make all 
make: Nothing to be done for `all'.
10:49:18 **** Incremental Build of configuration Debug for project LearningCPlusPlus ****
make all 
make: Nothing to be done for `all'.
10:49:20 **** Incremental Build of configuration Debug for project ExampleCalculator ****
make all 
make: Nothing to be done for `all'.
10:49:20 **** Incremental Build of configuration Debug for project LearningCPlusPlus ****
make all 
make: Nothing to be done for `all'.
10:49:20 **** Incremental Build of configuration Debug for project RockPaperScissor ****
make all 
make: Nothing to be done for `all'.
10:49:20 **** Incremental Build of configuration Debug for project SimpleCalculator ****
make all 
make: Nothing to be done for `all'.
10:49:21 **** Incremental Build of configuration Debug for project StringProcessing ****
make all 
make: Nothing to be done for `all'.
10:49:39 **** Incremental Build of configuration Debug for project LearningCPlusPlus ****
make all 
Building file: ../src/main.cpp
Invoking: GCC C++ Compiler
g++ -O0 -g3 -Wall -c -fmessage-length=0 -MMD -MP -MF"src/main.d" -MT"src/main.o" -o "src/main.o" "../src/main.cpp"
Finished building: ../src/main.cpp
 
Building target: LearningCPlusPlus
Invoking: MacOS X C++ Linker
g++  -o "LearningCPlusPlus"  ./src/main.o   
Finished building target: LearningCPlusPlus
 
10:49:43 **** Incremental Build of configuration Debug for project ExampleCalculator ****
make all 
make: Nothing to be done for `all'.
10:49:43 **** Incremental Build of configuration Debug for project LearningCPlusPlus ****
make all 
make: Nothing to be done for `all'.
10:49:43 **** Incremental Build of configuration Debug for project RockPaperScissor ****
make all 
make: Nothing to be done for `all'.
10:49:44 **** Incremental Build of configuration Debug for project SimpleCalculator ****
make all 
make: Nothing to be done for `all'.
10:49:44 **** Incremental Build of configuration Debug for project StringProcessing ****
make all 
make: Nothing to be done for `all'.
10:49:57 **** Incremental Build of configuration Debug for project ExampleCalculator ****
make all 
make: Nothing to be done for `all'.
10:49:58 **** Incremental Build of configuration Debug for project LearningCPlusPlus ****
make all 
make: Nothing to be done for `all'.
10:49:58 **** Incremental Build of configuration Debug for project RockPaperScissor ****
make all 
make: Nothing to be done for `all'.
10:49:58 **** Incremental Build of configuration Debug for project SimpleCalculator ****
make all 
make: Nothing to be done for `all'.
10:49:58 **** Incremental Build of configuration Debug for project StringProcessing ****
make all 
make: Nothing to be done for `all'.
10:50:00 **** Incremental Build of configuration Debug for project ExampleCalculator ****
make all 
make: Nothing to be done for `all'.
10:50:00 **** Incremental Build of configuration Debug for project LearningCPlusPlus ****
make all 
make: Nothing to be done for `all'.
10:50:01 **** Incremental Build of configuration Debug for project RockPaperScissor ****
make all 
make: Nothing to be done for `all'.
10:50:01 **** Incremental Build of configuration Debug for project SimpleCalculator ****
make all 
make: Nothing to be done for `all'.
10:50:01 **** Incremental Build of configuration Debug for project StringProcessing ****
make all 
make: Nothing to be done for `all'.
10:50:03 **** Incremental Build of configuration Debug for project LearningCPlusPlus ****
make all 
Building file: ../src/main.cpp
Invoking: GCC C++ Compiler
g++ -O0 -g3 -Wall -c -fmessage-length=0 -MMD -MP -MF"src/main.d" -MT"src/main.o" -o "src/main.o" "../src/main.cpp"
Finished building: ../src/main.cpp
 
Building target: LearningCPlusPlus
Invoking: MacOS X C++ Linker
g++  -o "LearningCPlusPlus"  ./src/main.o   
Finished building target: LearningCPlusPlus
 
10:50:35 **** Incremental Build of configuration Debug for project ExampleCalculator ****
make all 
make: Nothing to be done for `all'.
10:50:36 **** Incremental Build of configuration Debug for project LearningCPlusPlus ****
make all 
make: Nothing to be done for `all'.
10:50:36 **** Incremental Build of configuration Debug for project RockPaperScissor ****
make all 
make: Nothing to be done for `all'.
10:50:36 **** Incremental Build of configuration Debug for project SimpleCalculator ****
make all 
make: Nothing to be done for `all'.
10:50:36 **** Incremental Build of configuration Debug for project StringProcessing ****
make all 
make: Nothing to be done for `all'.
10:50:39 **** Incremental Build of configuration Debug for project LearningCPlusPlus ****
make all 
make: Nothing to be done for `all'.
13:17:09 **** Incremental Build of configuration Debug for project ExampleCalculator ****
make all 
make: Nothing to be done for `all'.
13:17:10 **** Incremental Build of configuration Debug for project LearningCPlusPlus ****
make all 
make: Nothing to be done for `all'.
13:17:10 **** Build of configuration Debug for project PasswordStrength ****
make all 
Building file: ../src/main.cpp
Invoking: GCC C++ Compiler
g++ -O0 -g3 -Wall -c -fmessage-length=0 -MMD -MP -MF"src/main.d" -MT"src/main.o" -o "src/main.o" "../src/main.cpp"
../src/main.cpp:14:61: error: expected ';' after expression
        std::cout << "Please enter a password\n" << "with digits, "
                                                                   ^
                                                                   ;
1 error generated.
make: *** [src/main.o] Error 1
13:17:13 **** Incremental Build of configuration Debug for project RockPaperScissor ****
make all 
make: Nothing to be done for `all'.
13:17:13 **** Incremental Build of configuration Debug for project SimpleCalculator ****
make all 
make: Nothing to be done for `all'.
13:17:14 **** Incremental Build of configuration Debug for project StringProcessing ****
make all 
make: Nothing to be done for `all'.
13:17:51 **** Incremental Build of configuration Debug for project ExampleCalculator ****
make all 
make: Nothing to be done for `all'.
13:17:52 **** Incremental Build of configuration Debug for project LearningCPlusPlus ****
make all 
make: Nothing to be done for `all'.
13:17:53 **** Incremental Build of configuration Debug for project PasswordStrength ****
make all 
Building file: ../src/main.cpp
Invoking: GCC C++ Compiler
g++ -O0 -g3 -Wall -c -fmessage-length=0 -MMD -MP -MF"src/main.d" -MT"src/main.o" -o "src/main.o" "../src/main.cpp"
../src/main.cpp:14:50: error: expected expression
        std::cout << "Please enter a passwor with\n" << ;
                                                        ^
1 error generated.
make: *** [src/main.o] Error 1
13:17:56 **** Incremental Build of configuration Debug for project RockPaperScissor ****
make all 
make: Nothing to be done for `all'.
13:17:57 **** Incremental Build of configuration Debug for project SimpleCalculator ****
make all 
make: Nothing to be done for `all'.
13:17:58 **** Incremental Build of configuration Debug for project StringProcessing ****
make all 
make: Nothing to be done for `all'.
13:18:10 **** Incremental Build of configuration Debug for project ExampleCalculator ****
make all 
make: Nothing to be done for `all'.
13:18:11 **** Incremental Build of configuration Debug for project LearningCPlusPlus ****
make all 
make: Nothing to be done for `all'.
13:18:11 **** Incremental Build of configuration Debug for project PasswordStrength ****
make all 
Building file: ../src/main.cpp
Invoking: GCC C++ Compiler
g++ -O0 -g3 -Wall -c -fmessage-length=0 -MMD -MP -MF"src/main.d" -MT"src/main.o" -o "src/main.o" "../src/main.cpp"
../src/main.cpp:14:50: error: expected expression
        std::cout << "Please enter a passwor with\n" << ;
                                                        ^
1 error generated.
make: *** [src/main.o] Error 1
13:18:13 **** Incremental Build of configuration Debug for project RockPaperScissor ****
make all 
make: Nothing to be done for `all'.
13:18:14 **** Incremental Build of configuration Debug for project SimpleCalculator ****
make all 
make: Nothing to be done for `all'.
13:18:14 **** Incremental Build of configuration Debug for project StringProcessing ****
make all 
make: Nothing to be done for `all'.
13:18:22 **** Incremental Build of configuration Debug for project ExampleCalculator ****
make all 
make: Nothing to be done for `all'.
13:18:23 **** Incremental Build of configuration Debug for project LearningCPlusPlus ****
make all 
make: Nothing to be done for `all'.
13:18:24 **** Incremental Build of configuration Debug for project PasswordStrength ****
make all 
Building file: ../src/main.cpp
Invoking: GCC C++ Compiler
g++ -O0 -g3 -Wall -c -fmessage-length=0 -MMD -MP -MF"src/main.d" -MT"src/main.o" -o "src/main.o" "../src/main.cpp"
../src/main.cpp:14:50: error: expected expression
        std::cout << "Please enter a passwor with\n" << ;
                                                        ^
1 error generated.
make: *** [src/main.o] Error 1
13:18:26 **** Incremental Build of configuration Debug for project RockPaperScissor ****
make all 
make: Nothing to be done for `all'.
13:18:26 **** Incremental Build of configuration Debug for project SimpleCalculator ****
make all 
make: Nothing to be done for `all'.
13:18:27 **** Incremental Build of configuration Debug for project StringProcessing ****
make all 
make: Nothing to be done for `all'.
13:18:39 **** Incremental Build of configuration Debug for project ExampleCalculator ****
make all 
make: Nothing to be done for `all'.
13:18:40 **** Incremental Build of configuration Debug for project LearningCPlusPlus ****
make all 
make: Nothing to be done for `all'.
13:18:41 **** Incremental Build of configuration Debug for project PasswordStrength ****
make all 
Building file: ../src/main.cpp
Invoking: GCC C++ Compiler
g++ -O0 -g3 -Wall -c -fmessage-length=0 -MMD -MP -MF"src/main.d" -MT"src/main.o" -o "src/main.o" "../src/main.cpp"
Finished building: ../src/main.cpp
 
Building target: PasswordStrength
Invoking: MacOS X C++ Linker
g++  -o "PasswordStrength"  ./src/main.o   
Finished building target: PasswordStrength
 
13:18:44 **** Incremental Build of configuration Debug for project RockPaperScissor ****
make all 
make: Nothing to be done for `all'.
13:18:44 **** Incremental Build of configuration Debug for project SimpleCalculator ****
make all 
make: Nothing to be done for `all'.
13:18:45 **** Incremental Build of configuration Debug for project StringProcessing ****
make all 
make: Nothing to be done for `all'.
13:18:49 **** Incremental Build of configuration Debug for project PasswordStrength ****
make all 
Building file: ../src/main.cpp
Invoking: GCC C++ Compiler
g++ -O0 -g3 -Wall -c -fmessage-length=0 -MMD -MP -MF"src/main.d" -MT"src/main.o" -o "src/main.o" "../src/main.cpp"
Finished building: ../src/main.cpp
 
Building target: PasswordStrength
Invoking: MacOS X C++ Linker
g++  -o "PasswordStrength"  ./src/main.o   
Finished building target: PasswordStrength
 
13:19:07 **** Incremental Build of configuration Debug for project PasswordStrength ****
make all 
Building file: ../src/main.cpp
Invoking: GCC C++ Compiler
g++ -O0 -g3 -Wall -c -fmessage-length=0 -MMD -MP -MF"src/main.d" -MT"src/main.o" -o "src/main.o" "../src/main.cpp"
Finished building: ../src/main.cpp
 
Building target: PasswordStrength
Invoking: MacOS X C++ Linker
g++  -o "PasswordStrength"  ./src/main.o   
Finished building target: PasswordStrength
 
13:19:17 **** Incremental Build of configuration Debug for project PasswordStrength ****
make all 
Building file: ../src/main.cpp
Invoking: GCC C++ Compiler
g++ -O0 -g3 -Wall -c -fmessage-length=0 -MMD -MP -MF"src/main.d" -MT"src/main.o" -o "src/main.o" "../src/main.cpp"
Finished building: ../src/main.cpp
 
Building target: PasswordStrength
Invoking: MacOS X C++ Linker
g++  -o "PasswordStrength"  ./src/main.o   
Finished building target: PasswordStrength
 
14:26:12 **** Incremental Build of configuration Debug for project ExampleCalculator ****
make all 
make: Nothing to be done for `all'.
14:26:12 **** Incremental Build of configuration Debug for project LearningCPlusPlus ****
make all 
make: Nothing to be done for `all'.
14:26:12 **** Incremental Build of configuration Debug for project PasswordStrength ****
make all 
Building file: ../src/main.cpp
Invoking: GCC C++ Compiler
g++ -O0 -g3 -Wall -c -fmessage-length=0 -MMD -MP -MF"src/main.d" -MT"src/main.o" -o "src/main.o" "../src/main.cpp"
../src/main.cpp:19:12: warning: unused variable 'PasswordSize' [-Wunused-variable]
        const int PasswordSize = 9;
                  ^
../src/main.cpp:29:1: warning: control reaches end of non-void function [-Wreturn-type]
}
^
2 warnings generated.
Finished building: ../src/main.cpp
 
Building target: PasswordStrength
Invoking: MacOS X C++ Linker
g++  -o "PasswordStrength"  ./src/main.o   
Finished building target: PasswordStrength
 
14:26:14 **** Incremental Build of configuration Debug for project RockPaperScissor ****
make all 
make: Nothing to be done for `all'.
14:26:14 **** Incremental Build of configuration Debug for project SimpleCalculator ****
make all 
make: Nothing to be done for `all'.
14:26:14 **** Incremental Build of configuration Debug for project StringProcessing ****
make all 
make: Nothing to be done for `all'.
14:26:15 **** Incremental Build of configuration Debug for project PasswordStrength ****
make all 
make: Nothing to be done for `all'.
16:36:43 **** Incremental Build of configuration Debug for project ExampleCalculator ****
make all 
make: Nothing to be done for `all'.
16:36:43 **** Incremental Build of configuration Debug for project LearningCPlusPlus ****
make all 
make: Nothing to be done for `all'.
16:36:43 **** Incremental Build of configuration Debug for project PasswordStrength ****
make all 
Building file: ../src/main.cpp
Invoking: GCC C++ Compiler
g++ -O0 -g3 -Wall -c -fmessage-length=0 -MMD -MP -MF"src/main.d" -MT"src/main.o" -o "src/main.o" "../src/main.cpp"
Finished building: ../src/main.cpp
 
Building target: PasswordStrength
Invoking: MacOS X C++ Linker
g++  -o "PasswordStrength"  ./src/main.o   
Finished building target: PasswordStrength
 
16:36:45 **** Incremental Build of configuration Debug for project RockPaperScissor ****
make all 
make: Nothing to be done for `all'.
16:36:45 **** Incremental Build of configuration Debug for project SimpleCalculator ****
make all 
make: Nothing to be done for `all'.
16:36:45 **** Incremental Build of configuration Debug for project StringProcessing ****
make all 
make: Nothing to be done for `all'.
16:36:46 **** Incremental Build of configuration Debug for project PasswordStrength ****
make all 
make: Nothing to be done for `all'.
16:37:07 **** Incremental Build of configuration Debug for project PasswordStrength ****
make all 
Building file: ../src/main.cpp
Invoking: GCC C++ Compiler
g++ -O0 -g3 -Wall -c -fmessage-length=0 -MMD -MP -MF"src/main.d" -MT"src/main.o" -o "src/main.o" "../src/main.cpp"
Finished building: ../src/main.cpp
 
Building target: PasswordStrength
Invoking: MacOS X C++ Linker
g++  -o "PasswordStrength"  ./src/main.o   
Finished building target: PasswordStrength
 
16:37:32 **** Incremental Build of configuration Debug for project PasswordStrength ****
make all 
Building file: ../src/main.cpp
Invoking: GCC C++ Compiler
g++ -O0 -g3 -Wall -c -fmessage-length=0 -MMD -MP -MF"src/main.d" -MT"src/main.o" -o "src/main.o" "../src/main.cpp"
Finished building: ../src/main.cpp
 
Building target: PasswordStrength
Invoking: MacOS X C++ Linker
g++  -o "PasswordStrength"  ./src/main.o   
Finished building target: PasswordStrength
 
16:37:41 **** Incremental Build of configuration Debug for project PasswordStrength ****
make all 
Building file: ../src/main.cpp
Invoking: GCC C++ Compiler
g++ -O0 -g3 -Wall -c -fmessage-length=0 -MMD -MP -MF"src/main.d" -MT"src/main.o" -o "src/main.o" "../src/main.cpp"
Finished building: ../src/main.cpp
 
Building target: PasswordStrength
Invoking: MacOS X C++ Linker
g++  -o "PasswordStrength"  ./src/main.o   
Finished building target: PasswordStrength
 
16:37:59 **** Incremental Build of configuration Debug for project PasswordStrength ****
make all 
Building file: ../src/main.cpp
Invoking: GCC C++ Compiler
g++ -O0 -g3 -Wall -c -fmessage-length=0 -MMD -MP -MF"src/main.d" -MT"src/main.o" -o "src/main.o" "../src/main.cpp"
Finished building: ../src/main.cpp
 
Building target: PasswordStrength
Invoking: MacOS X C++ Linker
g++  -o "PasswordStrength"  ./src/main.o   
Finished building target: PasswordStrength
 
16:42:35 **** Incremental Build of configuration Debug for project PasswordStrength ****
make all 
Building file: ../src/main.cpp
Invoking: GCC C++ Compiler
g++ -O0 -g3 -Wall -c -fmessage-length=0 -MMD -MP -MF"src/main.d" -MT"src/main.o" -o "src/main.o" "../src/main.cpp"
Finished building: ../src/main.cpp
 
Building target: PasswordStrength
Invoking: MacOS X C++ Linker
g++  -o "PasswordStrength"  ./src/main.o   
Finished building target: PasswordStrength
 
16:43:40 **** Incremental Build of configuration Debug for project ExampleCalculator ****
make all 
make: Nothing to be done for `all'.
16:43:40 **** Incremental Build of configuration Debug for project LearningCPlusPlus ****
make all 
make: Nothing to be done for `all'.
16:43:40 **** Incremental Build of configuration Debug for project PasswordStrength ****
make all 
make: Nothing to be done for `all'.
16:43:40 **** Incremental Build of configuration Debug for project RockPaperScissor ****
make all 
make: Nothing to be done for `all'.
16:43:41 **** Incremental Build of configuration Debug for project SimpleCalculator ****
make all 
make: Nothing to be done for `all'.
16:43:41 **** Incremental Build of configuration Debug for project StringProcessing ****
make all 
make: Nothing to be done for `all'.
16:43:42 **** Incremental Build of configuration Debug for project StringProcessing ****
make all 
Building file: ../source/mainClient.cpp
Invoking: GCC C++ Compiler
g++ -O0 -g3 -Wall -c -fmessage-length=0 -MMD -MP -MF"source/mainClient.d" -MT"source/mainClient.o" -o "source/mainClient.o" "../source/mainClient.cpp"
Finished building: ../source/mainClient.cpp
 
Building target: StringProcessing
Invoking: MacOS X C++ Linker
g++  -o "StringProcessing"  ./source/mainClient.o   
Finished building target: StringProcessing
 
16:44:08 **** Incremental Build of configuration Debug for project StringProcessing ****
make all 
Building file: ../source/mainClient.cpp
Invoking: GCC C++ Compiler
g++ -O0 -g3 -Wall -c -fmessage-length=0 -MMD -MP -MF"source/mainClient.d" -MT"source/mainClient.o" -o "source/mainClient.o" "../source/mainClient.cpp"
Finished building: ../source/mainClient.cpp
 
Building target: StringProcessing
Invoking: MacOS X C++ Linker
g++  -o "StringProcessing"  ./source/mainClient.o   
Finished building target: StringProcessing
 
16:44:26 **** Incremental Build of configuration Debug for project StringProcessing ****
make all 
make: Nothing to be done for `all'.
16:45:06 **** Incremental Build of configuration Debug for project StringProcessing ****
make all 
make: Nothing to be done for `all'.
16:45:27 **** Incremental Build of configuration Debug for project StringProcessing ****
make all 
make: Nothing to be done for `all'.
16:45:53 **** Incremental Build of configuration Debug for project StringProcessing ****
make all 
make: Nothing to be done for `all'.
16:45:57 **** Incremental Build of configuration Debug for project StringProcessing ****
make all 
make: Nothing to be done for `all'.
16:46:34 **** Incremental Build of configuration Debug for project StringProcessing ****
make all 
make: Nothing to be done for `all'.
16:46:36 **** Incremental Build of configuration Debug for project StringProcessing ****
make all 
make: Nothing to be done for `all'.
16:46:38 **** Incremental Build of configuration Debug for project StringProcessing ****
make all 
make: Nothing to be done for `all'.
16:46:39 **** Incremental Build of configuration Debug for project ExampleCalculator ****
make all 
make: Nothing to be done for `all'.
16:46:39 **** Incremental Build of configuration Debug for project LearningCPlusPlus ****
make all 
make: Nothing to be done for `all'.
16:46:39 **** Incremental Build of configuration Debug for project PasswordStrength ****
make all 
make: Nothing to be done for `all'.
16:46:40 **** Incremental Build of configuration Debug for project RockPaperScissor ****
make all 
make: Nothing to be done for `all'.
16:46:40 **** Incremental Build of configuration Debug for project SimpleCalculator ****
make all 
make: Nothing to be done for `all'.
16:46:40 **** Incremental Build of configuration Debug for project StringProcessing ****
make all 
make: Nothing to be done for `all'.
16:46:43 **** Incremental Build of configuration Debug for project StringProcessing ****
make all 
make: Nothing to be done for `all'.
16:47:04 **** Incremental Build of configuration Debug for project StringProcessing ****
make all 
make: Nothing to be done for `all'.
16:47:05 **** Incremental Build of configuration Debug for project ExampleCalculator ****
make all 
make: Nothing to be done for `all'.
16:47:05 **** Incremental Build of configuration Debug for project LearningCPlusPlus ****
make all 
make: Nothing to be done for `all'.
16:47:05 **** Incremental Build of configuration Debug for project PasswordStrength ****
make all 
make: Nothing to be done for `all'.
16:47:05 **** Incremental Build of configuration Debug for project RockPaperScissor ****
make all 
make: Nothing to be done for `all'.
16:47:05 **** Incremental Build of configuration Debug for project SimpleCalculator ****
make all 
make: Nothing to be done for `all'.
16:47:06 **** Incremental Build of configuration Debug for project StringProcessing ****
make all 
make: Nothing to be done for `all'.
16:47:06 **** Incremental Build of configuration Debug for project StringProcessing ****
make all 
make: Nothing to be done for `all'.
16:47:09 **** Incremental Build of configuration Debug for project StringProcessing ****
make all 
make: Nothing to be done for `all'.
16:47:43 **** Incremental Build of configuration Debug for project StringProcessing ****
make all 
make: Nothing to be done for `all'.
16:48:52 **** Incremental Build of configuration Debug for project PasswordStrength ****
make all 
make: Nothing to be done for `all'.
16:48:53 **** Incremental Build of configuration Debug for project PasswordStrength ****
make all 
make: Nothing to be done for `all'.
16:48:57 **** Incremental Build of configuration Debug for project PasswordStrength ****
make all 
make: Nothing to be done for `all'.
16:49:04 **** Incremental Build of configuration Debug for project PasswordStrength ****
make all 
make: Nothing to be done for `all'.
16:49:05 **** Incremental Build of configuration Debug for project PasswordStrength ****
make all 
make: Nothing to be done for `all'.
16:49:06 **** Incremental Build of configuration Debug for project ExampleCalculator ****
make all 
make: Nothing to be done for `all'.
16:49:06 **** Incremental Build of configuration Debug for project LearningCPlusPlus ****
make all 
make: Nothing to be done for `all'.
16:49:06 **** Incremental Build of configuration Debug for project PasswordStrength ****
make all 
make: Nothing to be done for `all'.
16:49:06 **** Incremental Build of configuration Debug for project RockPaperScissor ****
make all 
make: Nothing to be done for `all'.
16:49:07 **** Incremental Build of configuration Debug for project SimpleCalculator ****
make all 
make: Nothing to be done for `all'.
16:49:07 **** Incremental Build of configuration Debug for project StringProcessing ****
make all 
make: Nothing to be done for `all'.
16:49:07 **** Incremental Build of configuration Debug for project PasswordStrength ****
make all 
make: Nothing to be done for `all'.
16:49:24 **** Incremental Build of configuration Debug for project PasswordStrength ****
make all 
make: Nothing to be done for `all'.
16:49:26 **** Incremental Build of configuration Debug for project PasswordStrength ****
make all 
make: Nothing to be done for `all'.
16:49:26 **** Incremental Build of configuration Debug for project PasswordStrength ****
make all 
make: Nothing to be done for `all'.
16:49:26 **** Incremental Build of configuration Debug for project PasswordStrength ****
make all 
make: Nothing to be done for `all'.
16:49:26 **** Incremental Build of configuration Debug for project PasswordStrength ****
make all 
make: Nothing to be done for `all'.
16:49:39 **** Incremental Build of configuration Debug for project PasswordStrength ****
make all 
make: Nothing to be done for `all'.
16:49:59 **** Incremental Build of configuration Debug for project PasswordStrength ****
make all 
make: Nothing to be done for `all'.
16:50:07 **** Incremental Build of configuration Debug for project PasswordStrength ****
make all 
make: Nothing to be done for `all'.
16:50:29 **** Incremental Build of configuration Debug for project PasswordStrength ****
make all 
make: Nothing to be done for `all'.
16:50:39 **** Incremental Build of configuration Debug for project PasswordStrength ****
make all 
make: Nothing to be done for `all'.
16:50:42 **** Incremental Build of configuration Debug for project PasswordStrength ****
make all 
make: Nothing to be done for `all'.
16:51:02 **** Incremental Build of configuration Debug for project StringProcessing ****
make all 
make: Nothing to be done for `all'.
16:51:18 **** Incremental Build of configuration Debug for project StringProcessing ****
make all 
make: Nothing to be done for `all'.
16:52:49 **** Incremental Build of configuration Debug for project StringProcessing ****
make all 
Building file: ../source/mainClient.cpp
Invoking: GCC C++ Compiler
g++ -O0 -g3 -Wall -c -fmessage-length=0 -MMD -MP -MF"source/mainClient.d" -MT"source/mainClient.o" -o "source/mainClient.o" "../source/mainClient.cpp"
Finished building: ../source/mainClient.cpp
 
Building target: StringProcessing
Invoking: MacOS X C++ Linker
g++  -o "StringProcessing"  ./source/mainClient.o   
Finished building target: StringProcessing
 
16:52:51 **** Incremental Build of configuration Debug for project StringProcessing ****
make all 
make: Nothing to be done for `all'.
16:52:57 **** Incremental Build of configuration Debug for project StringProcessing ****
make all 
make: Nothing to be done for `all'.
16:53:15 **** Incremental Build of configuration Debug for project StringProcessing ****
make all 
make: Nothing to be done for `all'.
22:10:39 **** Incremental Build of configuration Debug for project StringProcessing ****
make all 
Building file: ../source/mainClient.cpp
Invoking: GCC C++ Compiler
g++ -O0 -g3 -Wall -c -fmessage-length=0 -MMD -MP -MF"source/mainClient.d" -MT"source/mainClient.o" -o "source/mainClient.o" "../source/mainClient.cpp"
../source/mainClient.cpp:50:2: warning: 'auto' type specifier is a C++11 extension [-Wc++11-extensions]
        auto words_begin =
        ^
../source/mainClient.cpp:52:2: warning: 'auto' type specifier is a C++11 extension [-Wc++11-extensions]
        auto words_end = sregex_iterator();
        ^
2 warnings generated.
Finished building: ../source/mainClient.cpp
 
Building target: StringProcessing
Invoking: MacOS X C++ Linker
g++  -o "StringProcessing"  ./source/mainClient.o   
Finished building target: StringProcessing
 
22:10:44 **** Incremental Build of configuration Debug for project ExampleCalculator ****
make all 
make: Nothing to be done for `all'.
22:10:44 **** Incremental Build of configuration Debug for project LearningCPlusPlus ****
make all 
make: Nothing to be done for `all'.
22:10:44 **** Incremental Build of configuration Debug for project PasswordStrength ****
make all 
make: Nothing to be done for `all'.
22:10:44 **** Incremental Build of configuration Debug for project RockPaperScissor ****
make all 
make: Nothing to be done for `all'.
22:10:44 **** Incremental Build of configuration Debug for project SimpleCalculator ****
make all 
make: Nothing to be done for `all'.
22:10:45 **** Incremental Build of configuration Debug for project StringProcessing ****
make all 
make: Nothing to be done for `all'.
22:10:46 **** Incremental Build of configuration Debug for project StringProcessing ****
make all 
make: Nothing to be done for `all'.
22:10:52 **** Incremental Build of configuration Debug for project StringProcessing ****
make all 
make: Nothing to be done for `all'.
22:10:53 **** Incremental Build of configuration Debug for project ExampleCalculator ****
make all 
make: Nothing to be done for `all'.
22:10:53 **** Incremental Build of configuration Debug for project LearningCPlusPlus ****
make all 
make: Nothing to be done for `all'.
22:10:53 **** Incremental Build of configuration Debug for project PasswordStrength ****
make all 
make: Nothing to be done for `all'.
22:10:54 **** Incremental Build of configuration Debug for project RockPaperScissor ****
make all 
make: Nothing to be done for `all'.
22:10:54 **** Incremental Build of configuration Debug for project SimpleCalculator ****
make all 
make: Nothing to be done for `all'.
22:10:54 **** Incremental Build of configuration Debug for project StringProcessing ****
make all 
make: Nothing to be done for `all'.
22:10:54 **** Incremental Build of configuration Debug for project StringProcessing ****
make all 
make: Nothing to be done for `all'.
22:11:20 **** Incremental Build of configuration Debug for project StringProcessing ****
make all 
make: Nothing to be done for `all'.
22:12:41 **** Incremental Build of configuration Debug for project ExampleCalculator ****
make all 
make: Nothing to be done for `all'.
22:12:41 **** Incremental Build of configuration Debug for project LearningCPlusPlus ****
make all 
make: Nothing to be done for `all'.
22:12:41 **** Incremental Build of configuration Debug for project PasswordStrength ****
make all 
make: Nothing to be done for `all'.
22:12:41 **** Incremental Build of configuration Debug for project RockPaperScissor ****
make all 
make: Nothing to be done for `all'.
22:12:41 **** Incremental Build of configuration Debug for project SimpleCalculator ****
make all 
make: Nothing to be done for `all'.
22:12:42 **** Incremental Build of configuration Debug for project StringProcessing ****
make all 
Building file: ../source/mainClient.cpp
Invoking: GCC C++ Compiler
g++ -O0 -g3 -Wall -c -fmessage-length=0 -MMD -MP -MF"source/mainClient.d" -MT"source/mainClient.o" -o "source/mainClient.o" "../source/mainClient.cpp"
../source/mainClient.cpp:53:2: warning: 'auto' type specifier is a C++11 extension [-Wc++11-extensions]
        auto words_begin =
        ^
../source/mainClient.cpp:55:2: warning: 'auto' type specifier is a C++11 extension [-Wc++11-extensions]
        auto words_end = sregex_iterator();
        ^
../source/mainClient.cpp:75:2: warning: 'auto' type specifier is a C++11 extension [-Wc++11-extensions]
        auto words_begin =
        ^
../source/mainClient.cpp:77:2: warning: 'auto' type specifier is a C++11 extension [-Wc++11-extensions]
        auto words_end = sregex_iterator();
        ^
4 warnings generated.
Finished building: ../source/mainClient.cpp
 
Building target: StringProcessing
Invoking: MacOS X C++ Linker
g++  -o "StringProcessing"  ./source/mainClient.o   
Finished building target: StringProcessing
 
22:12:43 **** Incremental Build of configuration Debug for project StringProcessing ****
make all 
make: Nothing to be done for `all'.
22:31:58 **** Incremental Build of configuration Debug for project StringProcessing ****
make all 
Building file: ../source/mainClient.cpp
Invoking: GCC C++ Compiler
g++ -O0 -g3 -Wall -c -fmessage-length=0 -MMD -MP -MF"source/mainClient.d" -MT"source/mainClient.o" -o "source/mainClient.o" "../source/mainClient.cpp"
../source/mainClient.cpp:53:2: warning: 'auto' type specifier is a C++11 extension [-Wc++11-extensions]
        auto words_begin =
        ^
../source/mainClient.cpp:55:2: warning: 'auto' type specifier is a C++11 extension [-Wc++11-extensions]
        auto words_end = sregex_iterator();
        ^
../source/mainClient.cpp:75:2: warning: 'auto' type specifier is a C++11 extension [-Wc++11-extensions]
        auto words_begin =
        ^
../source/mainClient.cpp:77:2: warning: 'auto' type specifier is a C++11 extension [-Wc++11-extensions]
        auto words_end = sregex_iterator();
        ^
4 warnings generated.
Finished building: ../source/mainClient.cpp
 
Building target: StringProcessing
Invoking: MacOS X C++ Linker
g++  -o "StringProcessing"  ./source/mainClient.o   
Finished building target: StringProcessing
 
22:33:47 **** Incremental Build of configuration Debug for project StringProcessing ****
make all 
Building file: ../source/mainClient.cpp
Invoking: GCC C++ Compiler
g++ -O0 -g3 -Wall -c -fmessage-length=0 -MMD -MP -MF"source/mainClient.d" -MT"source/mainClient.o" -o "source/mainClient.o" "../source/mainClient.cpp"
../source/mainClient.cpp:53:2: warning: 'auto' type specifier is a C++11 extension [-Wc++11-extensions]
        auto words_begin = sregex_iterator(s.begin(), s.end(), words_regex);
        ^
../source/mainClient.cpp:54:2: warning: 'auto' type specifier is a C++11 extension [-Wc++11-extensions]
        auto words_end = sregex_iterator();
        ^
../source/mainClient.cpp:74:2: warning: 'auto' type specifier is a C++11 extension [-Wc++11-extensions]
        auto words_begin =
        ^
../source/mainClient.cpp:76:2: warning: 'auto' type specifier is a C++11 extension [-Wc++11-extensions]
        auto words_end = sregex_iterator();
        ^
4 warnings generated.
Finished building: ../source/mainClient.cpp
 
Building target: StringProcessing
Invoking: MacOS X C++ Linker
g++  -o "StringProcessing"  ./source/mainClient.o   
Finished building target: StringProcessing
 
22:34:21 **** Incremental Build of configuration Debug for project StringProcessing ****
make all 
Building file: ../source/mainClient.cpp
Invoking: GCC C++ Compiler
g++ -O0 -g3 -Wall -c -fmessage-length=0 -MMD -MP -MF"source/mainClient.d" -MT"source/mainClient.o" -o "source/mainClient.o" "../source/mainClient.cpp"
../source/mainClient.cpp:53:2: warning: 'auto' type specifier is a C++11 extension [-Wc++11-extensions]
        auto words_begin = sregex_iterator(s.begin(), s.end(), words_regex);
        ^
../source/mainClient.cpp:54:2: warning: 'auto' type specifier is a C++11 extension [-Wc++11-extensions]
        auto words_end = sregex_iterator();
        ^
../source/mainClient.cpp:74:2: warning: 'auto' type specifier is a C++11 extension [-Wc++11-extensions]
        auto words_begin = sregex_iterator(s.begin(), s.end(), words_regex);
        ^
../source/mainClient.cpp:75:2: warning: 'auto' type specifier is a C++11 extension [-Wc++11-extensions]
        auto words_end = sregex_iterator();
        ^
4 warnings generated.
Finished building: ../source/mainClient.cpp
 
Building target: StringProcessing
Invoking: MacOS X C++ Linker
g++  -o "StringProcessing"  ./source/mainClient.o   
Finished building target: StringProcessing
 
22:34:38 **** Incremental Build of configuration Debug for project StringProcessing ****
make all 
Building file: ../source/mainClient.cpp
Invoking: GCC C++ Compiler
g++ -O0 -g3 -Wall -c -fmessage-length=0 -MMD -MP -MF"source/mainClient.d" -MT"source/mainClient.o" -o "source/mainClient.o" "../source/mainClient.cpp"
../source/mainClient.cpp:53:2: warning: 'auto' type specifier is a C++11 extension [-Wc++11-extensions]
        auto words_begin = sregex_iterator(s.begin(), s.end(), words_regex);
        ^
../source/mainClient.cpp:54:2: warning: 'auto' type specifier is a C++11 extension [-Wc++11-extensions]
        auto words_end = sregex_iterator();
        ^
../source/mainClient.cpp:74:2: warning: 'auto' type specifier is a C++11 extension [-Wc++11-extensions]
        auto words_begin = sregex_iterator(s.begin(), s.end(), words_regex);
        ^
../source/mainClient.cpp:75:2: warning: 'auto' type specifier is a C++11 extension [-Wc++11-extensions]
        auto words_end = sregex_iterator();
        ^
4 warnings generated.
Finished building: ../source/mainClient.cpp
 
Building target: StringProcessing
Invoking: MacOS X C++ Linker
g++  -o "StringProcessing"  ./source/mainClient.o   
Finished building target: StringProcessing
 
22:37:19 **** Incremental Build of configuration Debug for project StringProcessing ****
make all 
Building file: ../source/mainClient.cpp
Invoking: GCC C++ Compiler
g++ -O0 -g3 -Wall -c -fmessage-length=0 -MMD -MP -MF"source/mainClient.d" -MT"source/mainClient.o" -o "source/mainClient.o" "../source/mainClient.cpp"
../source/mainClient.cpp:53:2: warning: 'auto' type specifier is a C++11 extension [-Wc++11-extensions]
        auto words_begin = sregex_iterator(s.begin(), s.end(), words_regex);
        ^
../source/mainClient.cpp:54:2: warning: 'auto' type specifier is a C++11 extension [-Wc++11-extensions]
        auto words_end = sregex_iterator();
        ^
../source/mainClient.cpp:74:2: warning: 'auto' type specifier is a C++11 extension [-Wc++11-extensions]
        auto words_begin = sregex_iterator(s.begin(), s.end(), words_regex);
        ^
../source/mainClient.cpp:75:2: warning: 'auto' type specifier is a C++11 extension [-Wc++11-extensions]
        auto words_end = sregex_iterator();
        ^
../source/mainClient.cpp:76:2: warning: 'auto' type specifier is a C++11 extension [-Wc++11-extensions]
        auto counter {0};
        ^
../source/mainClient.cpp:76:7: error: declaration of variable 'counter' with type 'auto' requires an initializer
        auto counter {0};
             ^
../source/mainClient.cpp:76:14: error: expected ';' at end of declaration
        auto counter {0};
                    ^
                    ;
5 warnings and 2 errors generated.
make: *** [source/mainClient.o] Error 1
22:38:06 **** Incremental Build of configuration Debug for project StringProcessing ****
make all 
Building file: ../source/mainClient.cpp
Invoking: GCC C++ Compiler
g++ -O0 -g3 -Wall -c -fmessage-length=0 -MMD -MP -MF"source/mainClient.d" -MT"source/mainClient.o" -o "source/mainClient.o" "../source/mainClient.cpp"
../source/mainClient.cpp:53:2: warning: 'auto' type specifier is a C++11 extension [-Wc++11-extensions]
        auto words_begin = sregex_iterator(s.begin(), s.end(), words_regex);
        ^
../source/mainClient.cpp:54:2: warning: 'auto' type specifier is a C++11 extension [-Wc++11-extensions]
        auto words_end = sregex_iterator();
        ^
../source/mainClient.cpp:74:2: warning: 'auto' type specifier is a C++11 extension [-Wc++11-extensions]
        auto words_begin = sregex_iterator(s.begin(), s.end(), words_regex);
        ^
../source/mainClient.cpp:75:2: warning: 'auto' type specifier is a C++11 extension [-Wc++11-extensions]
        auto words_end = sregex_iterator();
        ^
../source/mainClient.cpp:76:13: error: expected ';' at end of declaration
        int counter {0};
                   ^
                   ;
../source/mainClient.cpp:84:11: error: invalid operands to binary expression ('int' and 'smatch' (aka 'match_results<__wrap_iter<const char *> >'))
                counter += match;
                ~~~~~~~ ^  ~~~~~
4 warnings and 2 errors generated.
make: *** [source/mainClient.o] Error 1
22:38:17 **** Incremental Build of configuration Debug for project StringProcessing ****
make all 
Building file: ../source/mainClient.cpp
Invoking: GCC C++ Compiler
g++ -O0 -g3 -Wall -c -fmessage-length=0 -MMD -MP -MF"source/mainClient.d" -MT"source/mainClient.o" -o "source/mainClient.o" "../source/mainClient.cpp"
../source/mainClient.cpp:53:2: warning: 'auto' type specifier is a C++11 extension [-Wc++11-extensions]
        auto words_begin = sregex_iterator(s.begin(), s.end(), words_regex);
        ^
../source/mainClient.cpp:54:2: warning: 'auto' type specifier is a C++11 extension [-Wc++11-extensions]
        auto words_end = sregex_iterator();
        ^
../source/mainClient.cpp:74:2: warning: 'auto' type specifier is a C++11 extension [-Wc++11-extensions]
        auto words_begin = sregex_iterator(s.begin(), s.end(), words_regex);
        ^
../source/mainClient.cpp:75:2: warning: 'auto' type specifier is a C++11 extension [-Wc++11-extensions]
        auto words_end = sregex_iterator();
        ^
../source/mainClient.cpp:84:11: error: invalid operands to binary expression ('int' and 'smatch' (aka 'match_results<__wrap_iter<const char *> >'))
                counter += match;
                ~~~~~~~ ^  ~~~~~
4 warnings and 1 error generated.
make: *** [source/mainClient.o] Error 1
22:44:24 **** Incremental Build of configuration Debug for project StringProcessing ****
make all 
Building file: ../source/mainClient.cpp
Invoking: GCC C++ Compiler
g++ -O0 -g3 -Wall -c -fmessage-length=0 -MMD -MP -MF"source/mainClient.d" -MT"source/mainClient.o" -o "source/mainClient.o" "../source/mainClient.cpp"
../source/mainClient.cpp:53:2: warning: 'auto' type specifier is a C++11 extension [-Wc++11-extensions]
        auto words_begin = sregex_iterator(s.begin(), s.end(), words_regex);
        ^
../source/mainClient.cpp:54:2: warning: 'auto' type specifier is a C++11 extension [-Wc++11-extensions]
        auto words_end = sregex_iterator();
        ^
../source/mainClient.cpp:74:2: warning: 'auto' type specifier is a C++11 extension [-Wc++11-extensions]
        auto words_begin = sregex_iterator(s.begin(), s.end(), words_regex);
        ^
../source/mainClient.cpp:75:2: warning: 'auto' type specifier is a C++11 extension [-Wc++11-extensions]
        auto words_end = sregex_iterator();
        ^
../source/mainClient.cpp:77:16: error: implicit instantiation of undefined template 'std::__1::basic_istringstream<char, std::__1::char_traits<char>, std::__1::allocator<char> >'
        istringstream buffer;
                      ^
/Applications/Xcode.app/Contents/Developer/Toolchains/XcodeDefault.xctoolchain/usr/bin/../include/c++/v1/iosfwd:120:33: note: template is declared here
    class _LIBCPP_TYPE_VIS_ONLY basic_istringstream;
                                ^
../source/mainClient.cpp:93:28: error: use of undeclared identifier 'value'; did you mean 'false'?
        std::cout << "Total: " << value;
                                  ^~~~~
                                  false
4 warnings and 2 errors generated.
make: *** [source/mainClient.o] Error 1
22:46:09 **** Incremental Build of configuration Debug for project StringProcessing ****
make all 
Building file: ../source/mainClient.cpp
Invoking: GCC C++ Compiler
g++ -O0 -g3 -Wall -c -fmessage-length=0 -MMD -MP -MF"source/mainClient.d" -MT"source/mainClient.o" -o "source/mainClient.o" "../source/mainClient.cpp"
../source/mainClient.cpp:53:2: warning: 'auto' type specifier is a C++11 extension [-Wc++11-extensions]
        auto words_begin = sregex_iterator(s.begin(), s.end(), words_regex);
        ^
../source/mainClient.cpp:54:2: warning: 'auto' type specifier is a C++11 extension [-Wc++11-extensions]
        auto words_end = sregex_iterator();
        ^
../source/mainClient.cpp:74:2: warning: 'auto' type specifier is a C++11 extension [-Wc++11-extensions]
        auto words_begin = sregex_iterator(s.begin(), s.end(), words_regex);
        ^
../source/mainClient.cpp:75:2: warning: 'auto' type specifier is a C++11 extension [-Wc++11-extensions]
        auto words_end = sregex_iterator();
        ^
../source/mainClient.cpp:86:17: error: implicit instantiation of undefined template 'std::__1::basic_istringstream<char, std::__1::char_traits<char>, std::__1::allocator<char> >'
                istringstream buffer(match_str);
                              ^
/Applications/Xcode.app/Contents/Developer/Toolchains/XcodeDefault.xctoolchain/usr/bin/../include/c++/v1/iosfwd:120:33: note: template is declared here
    class _LIBCPP_TYPE_VIS_ONLY basic_istringstream;
                                ^
4 warnings and 1 error generated.
make: *** [source/mainClient.o] Error 1
22:47:19 **** Incremental Build of configuration Debug for project StringProcessing ****
make all 
Building file: ../source/mainClient.cpp
Invoking: GCC C++ Compiler
g++ -O0 -g3 -Wall -c -fmessage-length=0 -MMD -MP -MF"source/mainClient.d" -MT"source/mainClient.o" -o "source/mainClient.o" "../source/mainClient.cpp"
../source/mainClient.cpp:53:2: warning: 'auto' type specifier is a C++11 extension [-Wc++11-extensions]
        auto words_begin = sregex_iterator(s.begin(), s.end(), words_regex);
        ^
../source/mainClient.cpp:54:2: warning: 'auto' type specifier is a C++11 extension [-Wc++11-extensions]
        auto words_end = sregex_iterator();
        ^
../source/mainClient.cpp:74:2: warning: 'auto' type specifier is a C++11 extension [-Wc++11-extensions]
        auto words_begin = sregex_iterator(s.begin(), s.end(), words_regex);
        ^
../source/mainClient.cpp:75:2: warning: 'auto' type specifier is a C++11 extension [-Wc++11-extensions]
        auto words_end = sregex_iterator();
        ^
../source/mainClient.cpp:85:14: error: cannot convert 'smatch' (aka 'match_results<__wrap_iter<const char *> >') to 'int' without a conversion operator
                int temp = (int)match;
                           ^~~~~~~~~~
4 warnings and 1 error generated.
make: *** [source/mainClient.o] Error 1
22:47:41 **** Incremental Build of configuration Debug for project StringProcessing ****
make all 
Building file: ../source/mainClient.cpp
Invoking: GCC C++ Compiler
g++ -O0 -g3 -Wall -c -fmessage-length=0 -MMD -MP -MF"source/mainClient.d" -MT"source/mainClient.o" -o "source/mainClient.o" "../source/mainClient.cpp"
../source/mainClient.cpp:53:2: warning: 'auto' type specifier is a C++11 extension [-Wc++11-extensions]
        auto words_begin = sregex_iterator(s.begin(), s.end(), words_regex);
        ^
../source/mainClient.cpp:54:2: warning: 'auto' type specifier is a C++11 extension [-Wc++11-extensions]
        auto words_end = sregex_iterator();
        ^
../source/mainClient.cpp:74:2: warning: 'auto' type specifier is a C++11 extension [-Wc++11-extensions]
        auto words_begin = sregex_iterator(s.begin(), s.end(), words_regex);
        ^
../source/mainClient.cpp:75:2: warning: 'auto' type specifier is a C++11 extension [-Wc++11-extensions]
        auto words_end = sregex_iterator();
        ^
../source/mainClient.cpp:85:14: error: cannot convert 'std::string' (aka 'basic_string<char, char_traits<char>, allocator<char> >') to 'int' without a conversion operator
                int temp = (int)match_str;
                           ^~~~~~~~~~~~~~
4 warnings and 1 error generated.
make: *** [source/mainClient.o] Error 1
22:48:02 **** Incremental Build of configuration Debug for project StringProcessing ****
make all 
Building file: ../source/mainClient.cpp
Invoking: GCC C++ Compiler
g++ -O0 -g3 -Wall -c -fmessage-length=0 -MMD -MP -MF"source/mainClient.d" -MT"source/mainClient.o" -o "source/mainClient.o" "../source/mainClient.cpp"
../source/mainClient.cpp:53:2: warning: 'auto' type specifier is a C++11 extension [-Wc++11-extensions]
        auto words_begin = sregex_iterator(s.begin(), s.end(), words_regex);
        ^
../source/mainClient.cpp:54:2: warning: 'auto' type specifier is a C++11 extension [-Wc++11-extensions]
        auto words_end = sregex_iterator();
        ^
../source/mainClient.cpp:74:2: warning: 'auto' type specifier is a C++11 extension [-Wc++11-extensions]
        auto words_begin = sregex_iterator(s.begin(), s.end(), words_regex);
        ^
../source/mainClient.cpp:75:2: warning: 'auto' type specifier is a C++11 extension [-Wc++11-extensions]
        auto words_end = sregex_iterator();
        ^
../source/mainClient.cpp:85:3: warning: 'auto' type specifier is a C++11 extension [-Wc++11-extensions]
                auto temp = match_str;
                ^
../source/mainClient.cpp:86:11: error: invalid operands to binary expression ('int' and 'std::__1::basic_string<char>')
                counter += temp;
                ~~~~~~~ ^  ~~~~
5 warnings and 1 error generated.
make: *** [source/mainClient.o] Error 1
22:48:13 **** Incremental Build of configuration Debug for project StringProcessing ****
make all 
Building file: ../source/mainClient.cpp
Invoking: GCC C++ Compiler
g++ -O0 -g3 -Wall -c -fmessage-length=0 -MMD -MP -MF"source/mainClient.d" -MT"source/mainClient.o" -o "source/mainClient.o" "../source/mainClient.cpp"
../source/mainClient.cpp:53:2: warning: 'auto' type specifier is a C++11 extension [-Wc++11-extensions]
        auto words_begin = sregex_iterator(s.begin(), s.end(), words_regex);
        ^
../source/mainClient.cpp:54:2: warning: 'auto' type specifier is a C++11 extension [-Wc++11-extensions]
        auto words_end = sregex_iterator();
        ^
../source/mainClient.cpp:74:2: warning: 'auto' type specifier is a C++11 extension [-Wc++11-extensions]
        auto words_begin = sregex_iterator(s.begin(), s.end(), words_regex);
        ^
../source/mainClient.cpp:75:2: warning: 'auto' type specifier is a C++11 extension [-Wc++11-extensions]
        auto words_end = sregex_iterator();
        ^
../source/mainClient.cpp:76:2: warning: 'auto' type specifier is a C++11 extension [-Wc++11-extensions]
        auto counter;
        ^
../source/mainClient.cpp:76:7: error: declaration of variable 'counter' with type 'auto' requires an initializer
        auto counter;
             ^
../source/mainClient.cpp:85:3: warning: 'auto' type specifier is a C++11 extension [-Wc++11-extensions]
                auto temp = match_str;
                ^
6 warnings and 1 error generated.
make: *** [source/mainClient.o] Error 1
22:48:21 **** Incremental Build of configuration Debug for project StringProcessing ****
make all 
Building file: ../source/mainClient.cpp
Invoking: GCC C++ Compiler
g++ -O0 -g3 -Wall -c -fmessage-length=0 -MMD -MP -MF"source/mainClient.d" -MT"source/mainClient.o" -o "source/mainClient.o" "../source/mainClient.cpp"
../source/mainClient.cpp:53:2: warning: 'auto' type specifier is a C++11 extension [-Wc++11-extensions]
        auto words_begin = sregex_iterator(s.begin(), s.end(), words_regex);
        ^
../source/mainClient.cpp:54:2: warning: 'auto' type specifier is a C++11 extension [-Wc++11-extensions]
        auto words_end = sregex_iterator();
        ^
../source/mainClient.cpp:74:2: warning: 'auto' type specifier is a C++11 extension [-Wc++11-extensions]
        auto words_begin = sregex_iterator(s.begin(), s.end(), words_regex);
        ^
../source/mainClient.cpp:75:2: warning: 'auto' type specifier is a C++11 extension [-Wc++11-extensions]
        auto words_end = sregex_iterator();
        ^
../source/mainClient.cpp:85:3: warning: 'auto' type specifier is a C++11 extension [-Wc++11-extensions]
                auto temp = match_str;
                ^
../source/mainClient.cpp:86:11: error: invalid operands to binary expression ('int' and 'std::__1::basic_string<char>')
                counter += temp;
                ~~~~~~~ ^  ~~~~
5 warnings and 1 error generated.
make: *** [source/mainClient.o] Error 1
17:04:04 **** Incremental Build of configuration Debug for project ExampleCalculator ****
make all 
make: Nothing to be done for `all'.
17:04:05 **** Incremental Build of configuration Debug for project LearningCPlusPlus ****
make all 
make: Nothing to be done for `all'.
17:04:05 **** Incremental Build of configuration Debug for project PasswordStrength ****
make all 
make: Nothing to be done for `all'.
17:04:05 **** Incremental Build of configuration Debug for project RockPaperScissor ****
make all 
make: Nothing to be done for `all'.
17:04:05 **** Incremental Build of configuration Debug for project SimpleCalculator ****
make all 
make: Nothing to be done for `all'.
17:04:05 **** Incremental Build of configuration Debug for project StringProcessing ****
make all 
Building file: ../source/mainClient.cpp
Invoking: GCC C++ Compiler
g++ -O0 -g3 -Wall -c -fmessage-length=0 -MMD -MP -MF"source/mainClient.d" -MT"source/mainClient.o" -o "source/mainClient.o" "../source/mainClient.cpp"
../source/mainClient.cpp:52:2: warning: 'auto' type specifier is a C++11 extension [-Wc++11-extensions]
        auto words_begin = sregex_iterator(s.begin(), s.end(), words_regex);
        ^
../source/mainClient.cpp:53:2: warning: 'auto' type specifier is a C++11 extension [-Wc++11-extensions]
        auto words_end = sregex_iterator();
        ^
2 warnings generated.
Finished building: ../source/mainClient.cpp
 
Building target: StringProcessing
Invoking: MacOS X C++ Linker
g++  -o "StringProcessing"  ./source/mainClient.o   
Finished building target: StringProcessing
 
17:04:08 **** Incremental Build of configuration Debug for project StringProcessing ****
make all 
make: Nothing to be done for `all'.
17:05:01 **** Incremental Build of configuration Debug for project StringProcessing ****
make all 
make: Nothing to be done for `all'.
17:05:12 **** Incremental Build of configuration Debug for project StringProcessing ****
make all 
make: Nothing to be done for `all'.
17:05:26 **** Incremental Build of configuration Debug for project StringProcessing ****
make all 
make: Nothing to be done for `all'.
17:05:48 **** Incremental Build of configuration Debug for project StringProcessing ****
make all 
make: Nothing to be done for `all'.
17:19:04 **** Incremental Build of configuration Debug for project StringProcessing ****
make all 
Building file: ../source/mainClient.cpp
Invoking: GCC C++ Compiler
g++ -O0 -g3 -Wall -c -fmessage-length=0 -MMD -MP -MF"source/mainClient.d" -MT"source/mainClient.o" -o "source/mainClient.o" "../source/mainClient.cpp"
../source/mainClient.cpp:52:2: warning: 'auto' type specifier is a C++11 extension [-Wc++11-extensions]
        auto words_begin = sregex_iterator(s.begin(), s.end(), words_regex);
        ^
../source/mainClient.cpp:53:2: warning: 'auto' type specifier is a C++11 extension [-Wc++11-extensions]
        auto words_end = sregex_iterator();
        ^
2 warnings generated.
Finished building: ../source/mainClient.cpp
 
Building target: StringProcessing
Invoking: MacOS X C++ Linker
g++  -o "StringProcessing"  ./source/mainClient.o   
Finished building target: StringProcessing
 
17:19:14 **** Incremental Build of configuration Debug for project StringProcessing ****
make all 
make: Nothing to be done for `all'.
